{"C:\\Users\\LENOVO\\.vscode\\project\\bank_vit_project\\frontend\\src\\app\\layout.tsx": {"path":"C:\\Users\\LENOVO\\.vscode\\project\\bank_vit_project\\frontend\\src\\app\\layout.tsx","statementMap":{"0":{"start":{"line":13,"column":24},"end":{"line":13,"column":35}},"1":{"start":{"line":8,"column":13},"end":{"line":8,"column":21}},"2":{"start":{"line":2,"column":22},"end":{"line":2,"column":null}},"3":{"start":{"line":3,"column":7},"end":{"line":3,"column":null}},"4":{"start":{"line":4,"column":24},"end":{"line":4,"column":null}},"5":{"start":{"line":6,"column":14},"end":{"line":6,"column":null}},"6":{"start":{"line":8,"column":34},"end":{"line":11,"column":null}}},"fnMap":{"0":{"name":"RootLayout","decl":{"start":{"line":13,"column":24},"end":{"line":13,"column":35}},"loc":{"start":{"line":17,"column":1},"end":{"line":26,"column":1}}}},"branchMap":{},"s":{"0":0,"1":0,"2":0,"3":0,"4":0,"5":0,"6":0},"f":{"0":0},"b":{}}
,"C:\\Users\\LENOVO\\.vscode\\project\\bank_vit_project\\frontend\\src\\app\\page.tsx": {"path":"C:\\Users\\LENOVO\\.vscode\\project\\bank_vit_project\\frontend\\src\\app\\page.tsx","statementMap":{"0":{"start":{"line":6,"column":24},"end":{"line":6,"column":null}},"1":{"start":{"line":3,"column":26},"end":{"line":3,"column":null}},"2":{"start":{"line":4,"column":81},"end":{"line":4,"column":null}},"3":{"start":{"line":7,"column":17},"end":{"line":7,"column":null}},"4":{"start":{"line":21,"column":27},"end":{"line":21,"column":null}},"5":{"start":{"line":66,"column":31},"end":{"line":66,"column":null}},"6":{"start":{"line":76,"column":31},"end":{"line":76,"column":null}}},"fnMap":{"0":{"name":"HomePage","decl":{"start":{"line":6,"column":24},"end":{"line":6,"column":null}},"loc":{"start":{"line":6,"column":24},"end":{"line":170,"column":null}}},"1":{"name":"(anonymous_2)","decl":{"start":{"line":21,"column":21},"end":{"line":21,"column":27}},"loc":{"start":{"line":21,"column":27},"end":{"line":21,"column":null}}},"2":{"name":"(anonymous_3)","decl":{"start":{"line":66,"column":25},"end":{"line":66,"column":31}},"loc":{"start":{"line":66,"column":31},"end":{"line":66,"column":null}}},"3":{"name":"(anonymous_4)","decl":{"start":{"line":76,"column":25},"end":{"line":76,"column":31}},"loc":{"start":{"line":76,"column":31},"end":{"line":76,"column":null}}},"4":{"name":"FeatureCard","decl":{"start":{"line":172,"column":9},"end":{"line":172,"column":21}},"loc":{"start":{"line":172,"column":86},"end":{"line":186,"column":null}}}},"branchMap":{},"s":{"0":0,"1":0,"2":0,"3":0,"4":0,"5":0,"6":0},"f":{"0":0,"1":0,"2":0,"3":0,"4":0},"b":{}}
,"C:\\Users\\LENOVO\\.vscode\\project\\bank_vit_project\\frontend\\src\\app\\analytics\\page.tsx": {"path":"C:\\Users\\LENOVO\\.vscode\\project\\bank_vit_project\\frontend\\src\\app\\analytics\\page.tsx","statementMap":{"0":{"start":{"line":107,"column":24},"end":{"line":107,"column":null}},"1":{"start":{"line":3,"column":45},"end":{"line":3,"column":null}},"2":{"start":{"line":4,"column":26},"end":{"line":4,"column":null}},"3":{"start":{"line":5,"column":17},"end":{"line":5,"column":null}},"4":{"start":{"line":10,"column":7},"end":{"line":10,"column":null}},"5":{"start":{"line":15,"column":7},"end":{"line":15,"column":null}},"6":{"start":{"line":16,"column":23},"end":{"line":16,"column":null}},"7":{"start":{"line":17,"column":74},"end":{"line":17,"column":null}},"8":{"start":{"line":18,"column":57},"end":{"line":18,"column":null}},"9":{"start":{"line":19,"column":25},"end":{"line":19,"column":null}},"10":{"start":{"line":20,"column":66},"end":{"line":20,"column":null}},"11":{"start":{"line":21,"column":25},"end":{"line":21,"column":null}},"12":{"start":{"line":27,"column":44},"end":{"line":29,"column":null}},"13":{"start":{"line":31,"column":45},"end":{"line":33,"column":null}},"14":{"start":{"line":36,"column":14},"end":{"line":36,"column":null}},"15":{"start":{"line":37,"column":2},"end":{"line":46,"column":null}},"16":{"start":{"line":38,"column":16},"end":{"line":38,"column":null}},"17":{"start":{"line":39,"column":18},"end":{"line":39,"column":null}},"18":{"start":{"line":40,"column":4},"end":{"line":40,"column":null}},"19":{"start":{"line":41,"column":4},"end":{"line":42,"column":null}},"20":{"start":{"line":41,"column":69},"end":{"line":41,"column":null}},"21":{"start":{"line":42,"column":9},"end":{"line":42,"column":null}},"22":{"start":{"line":43,"column":4},"end":{"line":43,"column":null}},"23":{"start":{"line":44,"column":4},"end":{"line":44,"column":null}},"24":{"start":{"line":45,"column":4},"end":{"line":45,"column":null}},"25":{"start":{"line":47,"column":2},"end":{"line":53,"column":null}},"26":{"start":{"line":47,"column":55},"end":{"line":53,"column":null}},"27":{"start":{"line":57,"column":41},"end":{"line":57,"column":null}},"28":{"start":{"line":58,"column":2},"end":{"line":60,"column":null}},"29":{"start":{"line":59,"column":4},"end":{"line":59,"column":null}},"30":{"start":{"line":61,"column":2},"end":{"line":61,"column":null}},"31":{"start":{"line":61,"column":56},"end":{"line":61,"column":null}},"32":{"start":{"line":65,"column":14},"end":{"line":65,"column":null}},"33":{"start":{"line":66,"column":2},"end":{"line":73,"column":null}},"34":{"start":{"line":67,"column":18},"end":{"line":67,"column":null}},"35":{"start":{"line":68,"column":4},"end":{"line":68,"column":null}},"36":{"start":{"line":69,"column":4},"end":{"line":69,"column":null}},"37":{"start":{"line":70,"column":4},"end":{"line":70,"column":null}},"38":{"start":{"line":71,"column":4},"end":{"line":71,"column":null}},"39":{"start":{"line":71,"column":69},"end":{"line":71,"column":null}},"40":{"start":{"line":72,"column":4},"end":{"line":72,"column":null}},"41":{"start":{"line":74,"column":2},"end":{"line":80,"column":null}},"42":{"start":{"line":74,"column":56},"end":{"line":80,"column":null}},"43":{"start":{"line":84,"column":14},"end":{"line":84,"column":null}},"44":{"start":{"line":85,"column":2},"end":{"line":90,"column":null}},"45":{"start":{"line":86,"column":16},"end":{"line":86,"column":null}},"46":{"start":{"line":87,"column":18},"end":{"line":87,"column":null}},"47":{"start":{"line":88,"column":4},"end":{"line":88,"column":null}},"48":{"start":{"line":89,"column":4},"end":{"line":89,"column":null}},"49":{"start":{"line":91,"column":2},"end":{"line":91,"column":null}},"50":{"start":{"line":91,"column":55},"end":{"line":91,"column":null}},"51":{"start":{"line":95,"column":16},"end":{"line":95,"column":null}},"52":{"start":{"line":95,"column":54},"end":{"line":95,"column":null}},"53":{"start":{"line":96,"column":2},"end":{"line":99,"column":null}},"54":{"start":{"line":97,"column":14},"end":{"line":97,"column":null}},"55":{"start":{"line":98,"column":4},"end":{"line":98,"column":null}},"56":{"start":{"line":100,"column":2},"end":{"line":100,"column":null}},"57":{"start":{"line":108,"column":17},"end":{"line":108,"column":null}},"58":{"start":{"line":109,"column":58},"end":{"line":109,"column":null}},"59":{"start":{"line":110,"column":52},"end":{"line":110,"column":null}},"60":{"start":{"line":111,"column":20},"end":{"line":111,"column":null}},"61":{"start":{"line":112,"column":36},"end":{"line":112,"column":null}},"62":{"start":{"line":114,"column":2},"end":{"line":123,"column":null}},"63":{"start":{"line":115,"column":17},"end":{"line":121,"column":null}},"64":{"start":{"line":116,"column":6},"end":{"line":116,"column":null}},"65":{"start":{"line":116,"column":37},"end":{"line":116,"column":60}},"66":{"start":{"line":116,"column":60},"end":{"line":116,"column":68}},"67":{"start":{"line":117,"column":6},"end":{"line":117,"column":null}},"68":{"start":{"line":118,"column":6},"end":{"line":118,"column":null}},"69":{"start":{"line":119,"column":6},"end":{"line":119,"column":null}},"70":{"start":{"line":120,"column":6},"end":{"line":120,"column":null}},"71":{"start":{"line":122,"column":4},"end":{"line":122,"column":null}},"72":{"start":{"line":125,"column":23},"end":{"line":129,"column":null}},"73":{"start":{"line":126,"column":4},"end":{"line":126,"column":null}},"74":{"start":{"line":127,"column":4},"end":{"line":127,"column":null}},"75":{"start":{"line":128,"column":4},"end":{"line":128,"column":null}},"76":{"start":{"line":132,"column":24},"end":{"line":132,"column":null}},"77":{"start":{"line":132,"column":38},"end":{"line":132,"column":68}},"78":{"start":{"line":133,"column":24},"end":{"line":133,"column":null}},"79":{"start":{"line":133,"column":38},"end":{"line":133,"column":72}},"80":{"start":{"line":134,"column":24},"end":{"line":134,"column":null}},"81":{"start":{"line":134,"column":38},"end":{"line":134,"column":74}},"82":{"start":{"line":135,"column":24},"end":{"line":135,"column":null}},"83":{"start":{"line":135,"column":38},"end":{"line":135,"column":70}},"84":{"start":{"line":136,"column":24},"end":{"line":136,"column":null}},"85":{"start":{"line":136,"column":38},"end":{"line":136,"column":76}},"86":{"start":{"line":138,"column":27},"end":{"line":138,"column":45}},"87":{"start":{"line":139,"column":21},"end":{"line":139,"column":112}},"88":{"start":{"line":139,"column":45},"end":{"line":139,"column":106}},"89":{"start":{"line":140,"column":24},"end":{"line":142,"column":null}},"90":{"start":{"line":141,"column":35},"end":{"line":141,"column":51}},"91":{"start":{"line":143,"column":23},"end":{"line":145,"column":null}},"92":{"start":{"line":144,"column":35},"end":{"line":144,"column":58}},"93":{"start":{"line":147,"column":2},"end":{"line":153,"column":null}},"94":{"start":{"line":312,"column":56},"end":{"line":312,"column":96}},"95":{"start":{"line":314,"column":28},"end":{"line":314,"column":47}},"96":{"start":{"line":341,"column":28},"end":{"line":341,"column":47}},"97":{"start":{"line":389,"column":34},"end":{"line":389,"column":88}},"98":{"start":{"line":389,"column":58},"end":{"line":389,"column":82}},"99":{"start":{"line":390,"column":32},"end":{"line":390,"column":null}},"100":{"start":{"line":391,"column":20},"end":{"line":392,"column":null}},"101":{"start":{"line":410,"column":43},"end":{"line":410,"column":88}},"102":{"start":{"line":418,"column":37},"end":{"line":418,"column":null}},"103":{"start":{"line":421,"column":26},"end":{"line":421,"column":42}}},"fnMap":{"0":{"name":"buildDailyTrend","decl":{"start":{"line":35,"column":9},"end":{"line":35,"column":25}},"loc":{"start":{"line":35,"column":50},"end":{"line":54,"column":null}}},"1":{"name":"(anonymous_3)","decl":{"start":{"line":47,"column":39},"end":{"line":47,"column":40}},"loc":{"start":{"line":47,"column":55},"end":{"line":53,"column":null}}},"2":{"name":"buildClassBreakdown","decl":{"start":{"line":56,"column":9},"end":{"line":56,"column":29}},"loc":{"start":{"line":56,"column":54},"end":{"line":62,"column":null}}},"3":{"name":"(anonymous_5)","decl":{"start":{"line":61,"column":36},"end":{"line":61,"column":37}},"loc":{"start":{"line":61,"column":56},"end":{"line":61,"column":null}}},"4":{"name":"buildModelPerformance","decl":{"start":{"line":64,"column":9},"end":{"line":64,"column":31}},"loc":{"start":{"line":64,"column":56},"end":{"line":81,"column":null}}},"5":{"name":"(anonymous_7)","decl":{"start":{"line":74,"column":39},"end":{"line":74,"column":40}},"loc":{"start":{"line":74,"column":56},"end":{"line":80,"column":null}}},"6":{"name":"buildRiskTimeline","decl":{"start":{"line":83,"column":9},"end":{"line":83,"column":27}},"loc":{"start":{"line":83,"column":52},"end":{"line":92,"column":null}}},"7":{"name":"(anonymous_9)","decl":{"start":{"line":91,"column":39},"end":{"line":91,"column":40}},"loc":{"start":{"line":91,"column":55},"end":{"line":91,"column":null}}},"8":{"name":"buildHourlyDistribution","decl":{"start":{"line":94,"column":9},"end":{"line":94,"column":33}},"loc":{"start":{"line":94,"column":58},"end":{"line":101,"column":null}}},"9":{"name":"(anonymous_11)","decl":{"start":{"line":95,"column":43},"end":{"line":95,"column":44}},"loc":{"start":{"line":95,"column":54},"end":{"line":95,"column":null}}},"10":{"name":"AnalyticsPage","decl":{"start":{"line":107,"column":24},"end":{"line":107,"column":null}},"loc":{"start":{"line":107,"column":24},"end":{"line":513,"column":null}}},"11":{"name":"(anonymous_13)","decl":{"start":{"line":114,"column":12},"end":{"line":114,"column":null}},"loc":{"start":{"line":114,"column":12},"end":{"line":123,"column":5}}},"12":{"name":"(anonymous_14)","decl":{"start":{"line":115,"column":17},"end":{"line":115,"column":null}},"loc":{"start":{"line":115,"column":17},"end":{"line":121,"column":null}}},"13":{"name":"(anonymous_15)","decl":{"start":{"line":125,"column":23},"end":{"line":125,"column":null}},"loc":{"start":{"line":125,"column":23},"end":{"line":129,"column":null}}},"14":{"name":"(anonymous_16)","decl":{"start":{"line":132,"column":32},"end":{"line":132,"column":38}},"loc":{"start":{"line":132,"column":38},"end":{"line":132,"column":68}}},"15":{"name":"(anonymous_17)","decl":{"start":{"line":133,"column":32},"end":{"line":133,"column":38}},"loc":{"start":{"line":133,"column":38},"end":{"line":133,"column":72}}},"16":{"name":"(anonymous_18)","decl":{"start":{"line":134,"column":32},"end":{"line":134,"column":38}},"loc":{"start":{"line":134,"column":38},"end":{"line":134,"column":74}}},"17":{"name":"(anonymous_19)","decl":{"start":{"line":135,"column":32},"end":{"line":135,"column":38}},"loc":{"start":{"line":135,"column":38},"end":{"line":135,"column":70}}},"18":{"name":"(anonymous_20)","decl":{"start":{"line":136,"column":32},"end":{"line":136,"column":38}},"loc":{"start":{"line":136,"column":38},"end":{"line":136,"column":76}}},"19":{"name":"(anonymous_21)","decl":{"start":{"line":139,"column":40},"end":{"line":139,"column":45}},"loc":{"start":{"line":139,"column":45},"end":{"line":139,"column":106}}},"20":{"name":"(anonymous_22)","decl":{"start":{"line":141,"column":25},"end":{"line":141,"column":26}},"loc":{"start":{"line":141,"column":35},"end":{"line":141,"column":51}}},"21":{"name":"(anonymous_23)","decl":{"start":{"line":144,"column":25},"end":{"line":144,"column":26}},"loc":{"start":{"line":144,"column":35},"end":{"line":144,"column":58}}},"22":{"name":"(anonymous_24)","decl":{"start":{"line":312,"column":33},"end":{"line":312,"column":34}},"loc":{"start":{"line":312,"column":56},"end":{"line":312,"column":96}}},"23":{"name":"(anonymous_25)","decl":{"start":{"line":313,"column":41},"end":{"line":313,"column":42}},"loc":{"start":{"line":314,"column":28},"end":{"line":314,"column":47}}},"24":{"name":"(anonymous_26)","decl":{"start":{"line":340,"column":41},"end":{"line":340,"column":42}},"loc":{"start":{"line":341,"column":28},"end":{"line":341,"column":47}}},"25":{"name":"(anonymous_27)","decl":{"start":{"line":388,"column":61},"end":{"line":388,"column":null}},"loc":{"start":{"line":388,"column":61},"end":{"line":400,"column":null}}},"26":{"name":"(anonymous_28)","decl":{"start":{"line":389,"column":53},"end":{"line":389,"column":58}},"loc":{"start":{"line":389,"column":58},"end":{"line":389,"column":82}}},"27":{"name":"(anonymous_29)","decl":{"start":{"line":410,"column":38},"end":{"line":410,"column":43}},"loc":{"start":{"line":410,"column":43},"end":{"line":410,"column":88}}},"28":{"name":"(anonymous_30)","decl":{"start":{"line":418,"column":32},"end":{"line":418,"column":37}},"loc":{"start":{"line":418,"column":37},"end":{"line":418,"column":null}}},"29":{"name":"(anonymous_31)","decl":{"start":{"line":420,"column":29},"end":{"line":420,"column":null}},"loc":{"start":{"line":421,"column":26},"end":{"line":421,"column":42}}}},"branchMap":{"0":{"loc":{"start":{"line":39,"column":18},"end":{"line":39,"column":null}},"type":"binary-expr","locations":[{"start":{"line":39,"column":18},"end":{"line":39,"column":34}},{"start":{"line":39,"column":34},"end":{"line":39,"column":null}}]},"1":{"loc":{"start":{"line":41,"column":4},"end":{"line":42,"column":null}},"type":"if","locations":[{"start":{"line":41,"column":4},"end":{"line":42,"column":null}},{"start":{"line":42,"column":9},"end":{"line":42,"column":null}}]},"2":{"loc":{"start":{"line":59,"column":33},"end":{"line":59,"column":67}},"type":"binary-expr","locations":[{"start":{"line":59,"column":33},"end":{"line":59,"column":58}},{"start":{"line":59,"column":62},"end":{"line":59,"column":67}}]},"3":{"loc":{"start":{"line":67,"column":18},"end":{"line":67,"column":null}},"type":"binary-expr","locations":[{"start":{"line":67,"column":18},"end":{"line":67,"column":43}},{"start":{"line":67,"column":43},"end":{"line":67,"column":null}}]},"4":{"loc":{"start":{"line":71,"column":4},"end":{"line":71,"column":null}},"type":"if","locations":[{"start":{"line":71,"column":4},"end":{"line":71,"column":null}}]},"5":{"loc":{"start":{"line":87,"column":18},"end":{"line":87,"column":null}},"type":"binary-expr","locations":[{"start":{"line":87,"column":18},"end":{"line":87,"column":34}},{"start":{"line":87,"column":34},"end":{"line":87,"column":null}}]},"6":{"loc":{"start":{"line":88,"column":27},"end":{"line":88,"column":55}},"type":"binary-expr","locations":[{"start":{"line":88,"column":27},"end":{"line":88,"column":46}},{"start":{"line":88,"column":50},"end":{"line":88,"column":55}}]},"7":{"loc":{"start":{"line":116,"column":6},"end":{"line":116,"column":null}},"type":"if","locations":[{"start":{"line":116,"column":6},"end":{"line":116,"column":null}}]},"8":{"loc":{"start":{"line":116,"column":10},"end":{"line":116,"column":35}},"type":"binary-expr","locations":[{"start":{"line":116,"column":10},"end":{"line":116,"column":20}},{"start":{"line":116,"column":20},"end":{"line":116,"column":35}}]},"9":{"loc":{"start":{"line":140,"column":24},"end":{"line":142,"column":null}},"type":"cond-expr","locations":[{"start":{"line":141,"column":6},"end":{"line":141,"column":null}},{"start":{"line":142,"column":6},"end":{"line":142,"column":null}}]},"10":{"loc":{"start":{"line":143,"column":23},"end":{"line":145,"column":null}},"type":"cond-expr","locations":[{"start":{"line":144,"column":6},"end":{"line":144,"column":null}},{"start":{"line":145,"column":6},"end":{"line":145,"column":null}}]},"11":{"loc":{"start":{"line":147,"column":2},"end":{"line":153,"column":null}},"type":"if","locations":[{"start":{"line":147,"column":2},"end":{"line":153,"column":null}}]},"12":{"loc":{"start":{"line":172,"column":41},"end":{"line":172,"column":null}},"type":"binary-expr","locations":[{"start":{"line":172,"column":41},"end":{"line":172,"column":59}},{"start":{"line":172,"column":59},"end":{"line":172,"column":null}}]},"13":{"loc":{"start":{"line":205,"column":17},"end":{"line":205,"column":97}},"type":"cond-expr","locations":[{"start":{"line":205,"column":40},"end":{"line":205,"column":93}},{"start":{"line":205,"column":93},"end":{"line":205,"column":97}}]},"14":{"loc":{"start":{"line":258,"column":20},"end":{"line":270,"column":21}},"type":"cond-expr","locations":[{"start":{"line":258,"column":20},"end":{"line":270,"column":21}}]},"15":{"loc":{"start":{"line":282,"column":20},"end":{"line":292,"column":21}},"type":"cond-expr","locations":[{"start":{"line":282,"column":20},"end":{"line":292,"column":21}}]},"16":{"loc":{"start":{"line":309,"column":20},"end":{"line":321,"column":21}},"type":"cond-expr","locations":[{"start":{"line":309,"column":20},"end":{"line":321,"column":21}}]},"17":{"loc":{"start":{"line":314,"column":53},"end":{"line":314,"column":null}},"type":"binary-expr","locations":[{"start":{"line":314,"column":53},"end":{"line":314,"column":73}},{"start":{"line":314,"column":77},"end":{"line":314,"column":null}}]},"18":{"loc":{"start":{"line":333,"column":20},"end":{"line":347,"column":21}},"type":"cond-expr","locations":[{"start":{"line":333,"column":20},"end":{"line":347,"column":21}}]},"19":{"loc":{"start":{"line":341,"column":53},"end":{"line":341,"column":null}},"type":"binary-expr","locations":[{"start":{"line":341,"column":53},"end":{"line":341,"column":73}},{"start":{"line":341,"column":77},"end":{"line":341,"column":null}}]},"20":{"loc":{"start":{"line":364,"column":20},"end":{"line":378,"column":21}},"type":"cond-expr","locations":[{"start":{"line":364,"column":20},"end":{"line":378,"column":21}}]},"21":{"loc":{"start":{"line":390,"column":32},"end":{"line":390,"column":null}},"type":"cond-expr","locations":[{"start":{"line":390,"column":55},"end":{"line":390,"column":90}},{"start":{"line":390,"column":90},"end":{"line":390,"column":null}}]},"22":{"loc":{"start":{"line":397,"column":71},"end":{"line":397,"column":167}},"type":"cond-expr","locations":[{"start":{"line":397,"column":89},"end":{"line":397,"column":99}},{"start":{"line":397,"column":99},"end":{"line":397,"column":167}}]},"23":{"loc":{"start":{"line":397,"column":99},"end":{"line":397,"column":167}},"type":"cond-expr","locations":[{"start":{"line":397,"column":120},"end":{"line":397,"column":131}},{"start":{"line":397,"column":131},"end":{"line":397,"column":167}}]},"24":{"loc":{"start":{"line":397,"column":131},"end":{"line":397,"column":167}},"type":"cond-expr","locations":[{"start":{"line":397,"column":150},"end":{"line":397,"column":161}},{"start":{"line":397,"column":161},"end":{"line":397,"column":167}}]},"25":{"loc":{"start":{"line":411,"column":20},"end":{"line":416,"column":21}},"type":"cond-expr","locations":[{"start":{"line":411,"column":20},"end":{"line":416,"column":21}}]},"26":{"loc":{"start":{"line":427,"column":30},"end":{"line":427,"column":null}},"type":"cond-expr","locations":[{"start":{"line":427,"column":60},"end":{"line":427,"column":86}},{"start":{"line":427,"column":86},"end":{"line":427,"column":null}}]},"27":{"loc":{"start":{"line":448,"column":20},"end":{"line":461,"column":21}},"type":"cond-expr","locations":[{"start":{"line":448,"column":20},"end":{"line":461,"column":21}}]},"28":{"loc":{"start":{"line":466,"column":15},"end":{"line":466,"column":null}},"type":"binary-expr","locations":[{"start":{"line":466,"column":15},"end":{"line":466,"column":null}}]}},"s":{"0":0,"1":0,"2":0,"3":0,"4":0,"5":0,"6":0,"7":0,"8":0,"9":0,"10":0,"11":0,"12":0,"13":0,"14":0,"15":0,"16":0,"17":0,"18":0,"19":0,"20":0,"21":0,"22":0,"23":0,"24":0,"25":0,"26":0,"27":0,"28":0,"29":0,"30":0,"31":0,"32":0,"33":0,"34":0,"35":0,"36":0,"37":0,"38":0,"39":0,"40":0,"41":0,"42":0,"43":0,"44":0,"45":0,"46":0,"47":0,"48":0,"49":0,"50":0,"51":0,"52":0,"53":0,"54":0,"55":0,"56":0,"57":0,"58":0,"59":0,"60":0,"61":0,"62":0,"63":0,"64":0,"65":0,"66":0,"67":0,"68":0,"69":0,"70":0,"71":0,"72":0,"73":0,"74":0,"75":0,"76":0,"77":0,"78":0,"79":0,"80":0,"81":0,"82":0,"83":0,"84":0,"85":0,"86":0,"87":0,"88":0,"89":0,"90":0,"91":0,"92":0,"93":0,"94":0,"95":0,"96":0,"97":0,"98":0,"99":0,"100":0,"101":0,"102":0,"103":0},"f":{"0":0,"1":0,"2":0,"3":0,"4":0,"5":0,"6":0,"7":0,"8":0,"9":0,"10":0,"11":0,"12":0,"13":0,"14":0,"15":0,"16":0,"17":0,"18":0,"19":0,"20":0,"21":0,"22":0,"23":0,"24":0,"25":0,"26":0,"27":0,"28":0,"29":0},"b":{"0":[0,0],"1":[0,0],"2":[0,0],"3":[0,0],"4":[0],"5":[0,0],"6":[0,0],"7":[0],"8":[0,0],"9":[0,0],"10":[0,0],"11":[0],"12":[0,0],"13":[0,0],"14":[0],"15":[0],"16":[0],"17":[0,0],"18":[0],"19":[0,0],"20":[0],"21":[0,0],"22":[0,0],"23":[0,0],"24":[0,0],"25":[0],"26":[0,0],"27":[0],"28":[0]}}
,"C:\\Users\\LENOVO\\.vscode\\project\\bank_vit_project\\frontend\\src\\app\\dashboard\\page.tsx": {"path":"C:\\Users\\LENOVO\\.vscode\\project\\bank_vit_project\\frontend\\src\\app\\dashboard\\page.tsx","statementMap":{"0":{"start":{"line":61,"column":24},"end":{"line":61,"column":null}},"1":{"start":{"line":3,"column":45},"end":{"line":3,"column":null}},"2":{"start":{"line":4,"column":26},"end":{"line":4,"column":null}},"3":{"start":{"line":5,"column":17},"end":{"line":5,"column":null}},"4":{"start":{"line":9,"column":7},"end":{"line":9,"column":null}},"5":{"start":{"line":13,"column":7},"end":{"line":13,"column":null}},"6":{"start":{"line":14,"column":23},"end":{"line":14,"column":null}},"7":{"start":{"line":15,"column":74},"end":{"line":15,"column":null}},"8":{"start":{"line":16,"column":25},"end":{"line":16,"column":null}},"9":{"start":{"line":17,"column":66},"end":{"line":17,"column":null}},"10":{"start":{"line":18,"column":25},"end":{"line":18,"column":null}},"11":{"start":{"line":30,"column":44},"end":{"line":35,"column":null}},"12":{"start":{"line":37,"column":45},"end":{"line":42,"column":null}},"13":{"start":{"line":46,"column":17},"end":{"line":46,"column":null}},"14":{"start":{"line":47,"column":17},"end":{"line":48,"column":null}},"15":{"start":{"line":48,"column":14},"end":{"line":48,"column":null}},"16":{"start":{"line":50,"column":2},"end":{"line":57,"column":null}},"17":{"start":{"line":51,"column":16},"end":{"line":51,"column":null}},"18":{"start":{"line":52,"column":18},"end":{"line":52,"column":null}},"19":{"start":{"line":53,"column":4},"end":{"line":53,"column":null}},"20":{"start":{"line":54,"column":4},"end":{"line":55,"column":null}},"21":{"start":{"line":54,"column":69},"end":{"line":54,"column":null}},"22":{"start":{"line":55,"column":9},"end":{"line":55,"column":null}},"23":{"start":{"line":56,"column":4},"end":{"line":56,"column":null}},"24":{"start":{"line":58,"column":2},"end":{"line":58,"column":null}},"25":{"start":{"line":58,"column":58},"end":{"line":58,"column":null}},"26":{"start":{"line":62,"column":17},"end":{"line":62,"column":null}},"27":{"start":{"line":63,"column":58},"end":{"line":63,"column":null}},"28":{"start":{"line":64,"column":52},"end":{"line":64,"column":null}},"29":{"start":{"line":65,"column":20},"end":{"line":65,"column":null}},"30":{"start":{"line":67,"column":28},"end":{"line":67,"column":null}},"31":{"start":{"line":68,"column":36},"end":{"line":68,"column":null}},"32":{"start":{"line":69,"column":32},"end":{"line":69,"column":null}},"33":{"start":{"line":71,"column":2},"end":{"line":73,"column":null}},"34":{"start":{"line":72,"column":4},"end":{"line":72,"column":null}},"35":{"start":{"line":75,"column":2},"end":{"line":105,"column":null}},"36":{"start":{"line":76,"column":4},"end":{"line":76,"column":null}},"37":{"start":{"line":76,"column":18},"end":{"line":76,"column":null}},"38":{"start":{"line":78,"column":17},"end":{"line":102,"column":null}},"39":{"start":{"line":79,"column":6},"end":{"line":101,"column":null}},"40":{"start":{"line":80,"column":8},"end":{"line":83,"column":null}},"41":{"start":{"line":81,"column":10},"end":{"line":81,"column":null}},"42":{"start":{"line":82,"column":10},"end":{"line":82,"column":null}},"43":{"start":{"line":85,"column":8},"end":{"line":85,"column":null}},"44":{"start":{"line":86,"column":8},"end":{"line":86,"column":null}},"45":{"start":{"line":89,"column":8},"end":{"line":96,"column":null}},"46":{"start":{"line":90,"column":25},"end":{"line":90,"column":null}},"47":{"start":{"line":91,"column":10},"end":{"line":93,"column":null}},"48":{"start":{"line":92,"column":12},"end":{"line":92,"column":null}},"49":{"start":{"line":95,"column":10},"end":{"line":95,"column":null}},"50":{"start":{"line":98,"column":8},"end":{"line":98,"column":null}},"51":{"start":{"line":100,"column":8},"end":{"line":100,"column":null}},"52":{"start":{"line":104,"column":4},"end":{"line":104,"column":null}},"53":{"start":{"line":107,"column":23},"end":{"line":114,"column":null}},"54":{"start":{"line":108,"column":4},"end":{"line":108,"column":null}},"55":{"start":{"line":109,"column":4},"end":{"line":112,"column":null}},"56":{"start":{"line":113,"column":4},"end":{"line":113,"column":null}},"57":{"start":{"line":117,"column":20},"end":{"line":117,"column":null}},"58":{"start":{"line":117,"column":34},"end":{"line":117,"column":63}},"59":{"start":{"line":119,"column":20},"end":{"line":122,"column":null}},"60":{"start":{"line":120,"column":4},"end":{"line":120,"column":null}},"61":{"start":{"line":120,"column":26},"end":{"line":120,"column":null}},"62":{"start":{"line":121,"column":4},"end":{"line":121,"column":null}},"63":{"start":{"line":121,"column":66},"end":{"line":121,"column":null}},"64":{"start":{"line":124,"column":20},"end":{"line":127,"column":null}},"65":{"start":{"line":125,"column":4},"end":{"line":125,"column":null}},"66":{"start":{"line":125,"column":26},"end":{"line":125,"column":null}},"67":{"start":{"line":126,"column":4},"end":{"line":126,"column":null}},"68":{"start":{"line":126,"column":66},"end":{"line":126,"column":null}},"69":{"start":{"line":129,"column":20},"end":{"line":131,"column":null}},"70":{"start":{"line":133,"column":2},"end":{"line":139,"column":null}},"71":{"start":{"line":258,"column":54},"end":{"line":258,"column":94}},"72":{"start":{"line":261,"column":26},"end":{"line":261,"column":49}},"73":{"start":{"line":388,"column":18},"end":{"line":389,"column":null}}},"fnMap":{"0":{"name":"buildTrendData","decl":{"start":{"line":45,"column":9},"end":{"line":45,"column":24}},"loc":{"start":{"line":45,"column":49},"end":{"line":59,"column":null}}},"1":{"name":"(anonymous_3)","decl":{"start":{"line":48,"column":4},"end":{"line":48,"column":5}},"loc":{"start":{"line":48,"column":14},"end":{"line":48,"column":null}}},"2":{"name":"(anonymous_4)","decl":{"start":{"line":58,"column":42},"end":{"line":58,"column":43}},"loc":{"start":{"line":58,"column":58},"end":{"line":58,"column":null}}},"3":{"name":"DashboardPage","decl":{"start":{"line":61,"column":24},"end":{"line":61,"column":null}},"loc":{"start":{"line":61,"column":24},"end":{"line":423,"column":null}}},"4":{"name":"(anonymous_6)","decl":{"start":{"line":71,"column":12},"end":{"line":71,"column":null}},"loc":{"start":{"line":71,"column":12},"end":{"line":73,"column":5}}},"5":{"name":"(anonymous_7)","decl":{"start":{"line":75,"column":12},"end":{"line":75,"column":null}},"loc":{"start":{"line":75,"column":12},"end":{"line":105,"column":5}}},"6":{"name":"(anonymous_8)","decl":{"start":{"line":78,"column":17},"end":{"line":78,"column":null}},"loc":{"start":{"line":78,"column":17},"end":{"line":102,"column":null}}},"7":{"name":"(anonymous_9)","decl":{"start":{"line":107,"column":23},"end":{"line":107,"column":null}},"loc":{"start":{"line":107,"column":23},"end":{"line":114,"column":null}}},"8":{"name":"(anonymous_10)","decl":{"start":{"line":117,"column":28},"end":{"line":117,"column":34}},"loc":{"start":{"line":117,"column":34},"end":{"line":117,"column":63}}},"9":{"name":"(anonymous_11)","decl":{"start":{"line":119,"column":28},"end":{"line":119,"column":null}},"loc":{"start":{"line":119,"column":28},"end":{"line":122,"column":5}}},"10":{"name":"(anonymous_12)","decl":{"start":{"line":121,"column":46},"end":{"line":121,"column":47}},"loc":{"start":{"line":121,"column":66},"end":{"line":121,"column":null}}},"11":{"name":"(anonymous_13)","decl":{"start":{"line":124,"column":28},"end":{"line":124,"column":null}},"loc":{"start":{"line":124,"column":28},"end":{"line":127,"column":5}}},"12":{"name":"(anonymous_14)","decl":{"start":{"line":126,"column":46},"end":{"line":126,"column":47}},"loc":{"start":{"line":126,"column":66},"end":{"line":126,"column":null}}},"13":{"name":"(anonymous_15)","decl":{"start":{"line":258,"column":31},"end":{"line":258,"column":32}},"loc":{"start":{"line":258,"column":54},"end":{"line":258,"column":94}}},"14":{"name":"(anonymous_16)","decl":{"start":{"line":260,"column":39},"end":{"line":260,"column":40}},"loc":{"start":{"line":261,"column":26},"end":{"line":261,"column":49}}},"15":{"name":"(anonymous_17)","decl":{"start":{"line":387,"column":45},"end":{"line":387,"column":46}},"loc":{"start":{"line":388,"column":18},"end":{"line":389,"column":null}}}},"branchMap":{"0":{"loc":{"start":{"line":52,"column":18},"end":{"line":52,"column":null}},"type":"binary-expr","locations":[{"start":{"line":52,"column":18},"end":{"line":52,"column":37}},{"start":{"line":52,"column":37},"end":{"line":52,"column":null}}]},"1":{"loc":{"start":{"line":54,"column":4},"end":{"line":55,"column":null}},"type":"if","locations":[{"start":{"line":54,"column":4},"end":{"line":55,"column":null}},{"start":{"line":55,"column":9},"end":{"line":55,"column":null}}]},"2":{"loc":{"start":{"line":76,"column":4},"end":{"line":76,"column":null}},"type":"if","locations":[{"start":{"line":76,"column":4},"end":{"line":76,"column":null}}]},"3":{"loc":{"start":{"line":80,"column":8},"end":{"line":83,"column":null}},"type":"if","locations":[{"start":{"line":80,"column":8},"end":{"line":83,"column":null}}]},"4":{"loc":{"start":{"line":80,"column":12},"end":{"line":80,"column":37}},"type":"binary-expr","locations":[{"start":{"line":80,"column":12},"end":{"line":80,"column":22}},{"start":{"line":80,"column":22},"end":{"line":80,"column":37}}]},"5":{"loc":{"start":{"line":91,"column":10},"end":{"line":93,"column":null}},"type":"if","locations":[{"start":{"line":91,"column":10},"end":{"line":93,"column":null}}]},"6":{"loc":{"start":{"line":120,"column":4},"end":{"line":120,"column":null}},"type":"if","locations":[{"start":{"line":120,"column":4},"end":{"line":120,"column":null}}]},"7":{"loc":{"start":{"line":125,"column":4},"end":{"line":125,"column":null}},"type":"if","locations":[{"start":{"line":125,"column":4},"end":{"line":125,"column":null}}]},"8":{"loc":{"start":{"line":129,"column":20},"end":{"line":131,"column":null}},"type":"cond-expr","locations":[{"start":{"line":130,"column":6},"end":{"line":130,"column":null}},{"start":{"line":131,"column":6},"end":{"line":131,"column":null}}]},"9":{"loc":{"start":{"line":133,"column":2},"end":{"line":139,"column":null}},"type":"if","locations":[{"start":{"line":133,"column":2},"end":{"line":139,"column":null}}]},"10":{"loc":{"start":{"line":133,"column":6},"end":{"line":133,"column":29}},"type":"binary-expr","locations":[{"start":{"line":133,"column":6},"end":{"line":133,"column":18}},{"start":{"line":133,"column":18},"end":{"line":133,"column":29}}]},"11":{"loc":{"start":{"line":157,"column":41},"end":{"line":157,"column":null}},"type":"binary-expr","locations":[{"start":{"line":157,"column":41},"end":{"line":157,"column":59}},{"start":{"line":157,"column":59},"end":{"line":157,"column":null}}]},"12":{"loc":{"start":{"line":177,"column":17},"end":{"line":177,"column":null}},"type":"binary-expr","locations":[{"start":{"line":177,"column":17},"end":{"line":177,"column":45}},{"start":{"line":177,"column":45},"end":{"line":177,"column":null}}]},"13":{"loc":{"start":{"line":187,"column":17},"end":{"line":187,"column":null}},"type":"binary-expr","locations":[{"start":{"line":187,"column":17},"end":{"line":187,"column":42}},{"start":{"line":187,"column":42},"end":{"line":187,"column":null}}]},"14":{"loc":{"start":{"line":197,"column":17},"end":{"line":197,"column":null}},"type":"binary-expr","locations":[{"start":{"line":197,"column":17},"end":{"line":197,"column":45}},{"start":{"line":197,"column":45},"end":{"line":197,"column":null}}]},"15":{"loc":{"start":{"line":207,"column":17},"end":{"line":207,"column":null}},"type":"cond-expr","locations":[{"start":{"line":207,"column":41},"end":{"line":207,"column":86}},{"start":{"line":207,"column":89},"end":{"line":207,"column":null}}]},"16":{"loc":{"start":{"line":214,"column":9},"end":{"line":214,"column":null}},"type":"binary-expr","locations":[{"start":{"line":214,"column":9},"end":{"line":214,"column":null}}]},"17":{"loc":{"start":{"line":241,"column":13},"end":{"line":241,"column":null}},"type":"binary-expr","locations":[{"start":{"line":241,"column":13},"end":{"line":241,"column":null}}]},"18":{"loc":{"start":{"line":261,"column":55},"end":{"line":261,"column":null}},"type":"binary-expr","locations":[{"start":{"line":261,"column":55},"end":{"line":261,"column":79}},{"start":{"line":261,"column":83},"end":{"line":261,"column":null}}]},"19":{"loc":{"start":{"line":272,"column":13},"end":{"line":272,"column":null}},"type":"binary-expr","locations":[{"start":{"line":272,"column":13},"end":{"line":272,"column":null}}]},"20":{"loc":{"start":{"line":306,"column":52},"end":{"line":306,"column":null}},"type":"binary-expr","locations":[{"start":{"line":306,"column":52},"end":{"line":306,"column":81}},{"start":{"line":306,"column":81},"end":{"line":306,"column":null}}]},"21":{"loc":{"start":{"line":309,"column":25},"end":{"line":309,"column":null}},"type":"cond-expr","locations":[{"start":{"line":309,"column":52},"end":{"line":309,"column":120}},{"start":{"line":309,"column":120},"end":{"line":309,"column":null}}]},"22":{"loc":{"start":{"line":309,"column":54},"end":{"line":309,"column":87}},"type":"binary-expr","locations":[{"start":{"line":309,"column":54},"end":{"line":309,"column":82}},{"start":{"line":309,"column":82},"end":{"line":309,"column":87}}]},"23":{"loc":{"start":{"line":316,"column":53},"end":{"line":316,"column":null}},"type":"binary-expr","locations":[{"start":{"line":316,"column":53},"end":{"line":316,"column":85}},{"start":{"line":316,"column":85},"end":{"line":316,"column":null}}]},"24":{"loc":{"start":{"line":319,"column":25},"end":{"line":319,"column":null}},"type":"cond-expr","locations":[{"start":{"line":319,"column":52},"end":{"line":319,"column":123}},{"start":{"line":319,"column":123},"end":{"line":319,"column":null}}]},"25":{"loc":{"start":{"line":319,"column":54},"end":{"line":319,"column":90}},"type":"binary-expr","locations":[{"start":{"line":319,"column":54},"end":{"line":319,"column":85}},{"start":{"line":319,"column":85},"end":{"line":319,"column":90}}]},"26":{"loc":{"start":{"line":326,"column":53},"end":{"line":326,"column":null}},"type":"binary-expr","locations":[{"start":{"line":326,"column":53},"end":{"line":326,"column":83}},{"start":{"line":326,"column":83},"end":{"line":326,"column":null}}]},"27":{"loc":{"start":{"line":329,"column":25},"end":{"line":329,"column":null}},"type":"cond-expr","locations":[{"start":{"line":329,"column":52},"end":{"line":329,"column":121}},{"start":{"line":329,"column":121},"end":{"line":329,"column":null}}]},"28":{"loc":{"start":{"line":329,"column":54},"end":{"line":329,"column":88}},"type":"binary-expr","locations":[{"start":{"line":329,"column":54},"end":{"line":329,"column":83}},{"start":{"line":329,"column":83},"end":{"line":329,"column":88}}]},"29":{"loc":{"start":{"line":336,"column":50},"end":{"line":336,"column":null}},"type":"binary-expr","locations":[{"start":{"line":336,"column":50},"end":{"line":336,"column":84}},{"start":{"line":336,"column":84},"end":{"line":336,"column":null}}]},"30":{"loc":{"start":{"line":339,"column":25},"end":{"line":339,"column":null}},"type":"cond-expr","locations":[{"start":{"line":339,"column":52},"end":{"line":339,"column":125}},{"start":{"line":339,"column":125},"end":{"line":339,"column":null}}]},"31":{"loc":{"start":{"line":339,"column":54},"end":{"line":339,"column":92}},"type":"binary-expr","locations":[{"start":{"line":339,"column":54},"end":{"line":339,"column":87}},{"start":{"line":339,"column":87},"end":{"line":339,"column":92}}]},"32":{"loc":{"start":{"line":376,"column":14},"end":{"line":386,"column":15}},"type":"cond-expr","locations":[{"start":{"line":376,"column":14},"end":{"line":386,"column":15}}]},"33":{"loc":{"start":{"line":394,"column":24},"end":{"line":397,"column":null}},"type":"cond-expr","locations":[{"start":{"line":394,"column":57},"end":{"line":394,"column":null}},{"start":{"line":395,"column":24},"end":{"line":397,"column":null}}]},"34":{"loc":{"start":{"line":395,"column":24},"end":{"line":397,"column":null}},"type":"cond-expr","locations":[{"start":{"line":395,"column":53},"end":{"line":395,"column":null}},{"start":{"line":396,"column":24},"end":{"line":397,"column":null}}]},"35":{"loc":{"start":{"line":396,"column":24},"end":{"line":397,"column":null}},"type":"cond-expr","locations":[{"start":{"line":396,"column":55},"end":{"line":396,"column":null}},{"start":{"line":397,"column":24},"end":{"line":397,"column":null}}]},"36":{"loc":{"start":{"line":400,"column":26},"end":{"line":402,"column":27}},"type":"cond-expr","locations":[{"start":{"line":400,"column":26},"end":{"line":402,"column":27}}]}},"s":{"0":0,"1":0,"2":0,"3":0,"4":0,"5":0,"6":0,"7":0,"8":0,"9":0,"10":0,"11":0,"12":0,"13":0,"14":0,"15":0,"16":0,"17":0,"18":0,"19":0,"20":0,"21":0,"22":0,"23":0,"24":0,"25":0,"26":0,"27":0,"28":0,"29":0,"30":0,"31":0,"32":0,"33":0,"34":0,"35":0,"36":0,"37":0,"38":0,"39":0,"40":0,"41":0,"42":0,"43":0,"44":0,"45":0,"46":0,"47":0,"48":0,"49":0,"50":0,"51":0,"52":0,"53":0,"54":0,"55":0,"56":0,"57":0,"58":0,"59":0,"60":0,"61":0,"62":0,"63":0,"64":0,"65":0,"66":0,"67":0,"68":0,"69":0,"70":0,"71":0,"72":0,"73":0},"f":{"0":0,"1":0,"2":0,"3":0,"4":0,"5":0,"6":0,"7":0,"8":0,"9":0,"10":0,"11":0,"12":0,"13":0,"14":0,"15":0},"b":{"0":[0,0],"1":[0,0],"2":[0],"3":[0],"4":[0,0],"5":[0],"6":[0],"7":[0],"8":[0,0],"9":[0],"10":[0,0],"11":[0,0],"12":[0,0],"13":[0,0],"14":[0,0],"15":[0,0],"16":[0],"17":[0],"18":[0,0],"19":[0],"20":[0,0],"21":[0,0],"22":[0,0],"23":[0,0],"24":[0,0],"25":[0,0],"26":[0,0],"27":[0,0],"28":[0,0],"29":[0,0],"30":[0,0],"31":[0,0],"32":[0],"33":[0,0],"34":[0,0],"35":[0,0],"36":[0]}}
,"C:\\Users\\LENOVO\\.vscode\\project\\bank_vit_project\\frontend\\src\\app\\demo\\page.tsx": {"path":"C:\\Users\\LENOVO\\.vscode\\project\\bank_vit_project\\frontend\\src\\app\\demo\\page.tsx","statementMap":{"0":{"start":{"line":10,"column":24},"end":{"line":10,"column":null}},"1":{"start":{"line":3,"column":25},"end":{"line":3,"column":null}},"2":{"start":{"line":4,"column":17},"end":{"line":4,"column":null}},"3":{"start":{"line":5,"column":84},"end":{"line":5,"column":null}},"4":{"start":{"line":6,"column":74},"end":{"line":6,"column":null}},"5":{"start":{"line":7,"column":23},"end":{"line":7,"column":null}},"6":{"start":{"line":8,"column":25},"end":{"line":8,"column":null}},"7":{"start":{"line":11,"column":36},"end":{"line":11,"column":null}},"8":{"start":{"line":12,"column":34},"end":{"line":12,"column":null}},"9":{"start":{"line":13,"column":36},"end":{"line":13,"column":null}},"10":{"start":{"line":15,"column":18},"end":{"line":31,"column":null}},"11":{"start":{"line":16,"column":4},"end":{"line":16,"column":null}},"12":{"start":{"line":17,"column":4},"end":{"line":17,"column":null}},"13":{"start":{"line":18,"column":4},"end":{"line":18,"column":null}},"14":{"start":{"line":20,"column":21},"end":{"line":30,"column":null}},"15":{"start":{"line":21,"column":6},"end":{"line":29,"column":null}},"16":{"start":{"line":22,"column":8},"end":{"line":27,"column":null}},"17":{"start":{"line":23,"column":10},"end":{"line":23,"column":null}},"18":{"start":{"line":24,"column":10},"end":{"line":24,"column":null}},"19":{"start":{"line":25,"column":10},"end":{"line":25,"column":null}},"20":{"start":{"line":26,"column":10},"end":{"line":26,"column":null}},"21":{"start":{"line":28,"column":8},"end":{"line":28,"column":null}},"22":{"start":{"line":33,"column":20},"end":{"line":36,"column":null}},"23":{"start":{"line":34,"column":4},"end":{"line":34,"column":null}},"24":{"start":{"line":35,"column":4},"end":{"line":35,"column":null}}},"fnMap":{"0":{"name":"DemoPage","decl":{"start":{"line":10,"column":24},"end":{"line":10,"column":null}},"loc":{"start":{"line":10,"column":24},"end":{"line":146,"column":null}}},"1":{"name":"(anonymous_3)","decl":{"start":{"line":15,"column":18},"end":{"line":15,"column":null}},"loc":{"start":{"line":15,"column":18},"end":{"line":31,"column":null}}},"2":{"name":"(anonymous_4)","decl":{"start":{"line":20,"column":33},"end":{"line":20,"column":null}},"loc":{"start":{"line":20,"column":33},"end":{"line":30,"column":7}}},"3":{"name":"(anonymous_5)","decl":{"start":{"line":21,"column":18},"end":{"line":21,"column":19}},"loc":{"start":{"line":21,"column":19},"end":{"line":29,"column":null}}},"4":{"name":"(anonymous_6)","decl":{"start":{"line":33,"column":20},"end":{"line":33,"column":null}},"loc":{"start":{"line":33,"column":20},"end":{"line":36,"column":null}}}},"branchMap":{"0":{"loc":{"start":{"line":22,"column":8},"end":{"line":27,"column":null}},"type":"if","locations":[{"start":{"line":22,"column":8},"end":{"line":27,"column":null}}]},"1":{"loc":{"start":{"line":76,"column":15},"end":{"line":84,"column":null}},"type":"cond-expr","locations":[{"start":{"line":77,"column":16},"end":{"line":80,"column":32}},{"start":{"line":80,"column":18},"end":{"line":84,"column":null}}]},"2":{"loc":{"start":{"line":80,"column":18},"end":{"line":84,"column":null}},"type":"cond-expr","locations":[{"start":{"line":81,"column":16},"end":{"line":84,"column":null}},{"start":{"line":84,"column":18},"end":{"line":84,"column":null}}]},"3":{"loc":{"start":{"line":89,"column":15},"end":{"line":89,"column":null}},"type":"binary-expr","locations":[{"start":{"line":89,"column":15},"end":{"line":89,"column":null}}]},"4":{"loc":{"start":{"line":96,"column":16},"end":{"line":96,"column":43}},"type":"binary-expr","locations":[{"start":{"line":96,"column":16},"end":{"line":96,"column":43}},{"start":{"line":96,"column":43},"end":{"line":96,"column":67}}]},"5":{"loc":{"start":{"line":111,"column":70},"end":{"line":111,"column":96}},"type":"cond-expr","locations":[{"start":{"line":111,"column":85},"end":{"line":111,"column":92}},{"start":{"line":111,"column":92},"end":{"line":111,"column":96}}]},"6":{"loc":{"start":{"line":119,"column":76},"end":{"line":119,"column":106}},"type":"cond-expr","locations":[{"start":{"line":119,"column":91},"end":{"line":119,"column":100}},{"start":{"line":119,"column":100},"end":{"line":119,"column":106}}]},"7":{"loc":{"start":{"line":127,"column":18},"end":{"line":130,"column":34}},"type":"cond-expr","locations":[{"start":{"line":127,"column":18},"end":{"line":130,"column":34}}]},"8":{"loc":{"start":{"line":131,"column":18},"end":{"line":135,"column":19}},"type":"cond-expr","locations":[{"start":{"line":131,"column":18},"end":{"line":135,"column":19}}]}},"s":{"0":0,"1":0,"2":0,"3":0,"4":0,"5":0,"6":0,"7":0,"8":0,"9":0,"10":0,"11":0,"12":0,"13":0,"14":0,"15":0,"16":0,"17":0,"18":0,"19":0,"20":0,"21":0,"22":0,"23":0,"24":0},"f":{"0":0,"1":0,"2":0,"3":0,"4":0},"b":{"0":[0],"1":[0,0],"2":[0,0],"3":[0],"4":[0,0],"5":[0,0],"6":[0,0],"7":[0],"8":[0]}}
,"C:\\Users\\LENOVO\\.vscode\\project\\bank_vit_project\\frontend\\src\\app\\graph\\page.tsx": {"path":"C:\\Users\\LENOVO\\.vscode\\project\\bank_vit_project\\frontend\\src\\app\\graph\\page.tsx","statementMap":{"0":{"start":{"line":34,"column":24},"end":{"line":34,"column":null}},"1":{"start":{"line":3,"column":36},"end":{"line":3,"column":null}},"2":{"start":{"line":4,"column":17},"end":{"line":4,"column":null}},"3":{"start":{"line":5,"column":26},"end":{"line":5,"column":null}},"4":{"start":{"line":6,"column":126},"end":{"line":6,"column":null}},"5":{"start":{"line":7,"column":74},"end":{"line":7,"column":null}},"6":{"start":{"line":8,"column":23},"end":{"line":8,"column":null}},"7":{"start":{"line":9,"column":22},"end":{"line":9,"column":null}},"8":{"start":{"line":10,"column":29},"end":{"line":10,"column":null}},"9":{"start":{"line":11,"column":25},"end":{"line":11,"column":null}},"10":{"start":{"line":14,"column":18},"end":{"line":22,"column":null}},"11":{"start":{"line":24,"column":18},"end":{"line":32,"column":null}},"12":{"start":{"line":35,"column":17},"end":{"line":35,"column":null}},"13":{"start":{"line":36,"column":48},"end":{"line":36,"column":null}},"14":{"start":{"line":37,"column":20},"end":{"line":37,"column":null}},"15":{"start":{"line":39,"column":26},"end":{"line":39,"column":null}},"16":{"start":{"line":40,"column":40},"end":{"line":40,"column":null}},"17":{"start":{"line":42,"column":2},"end":{"line":46,"column":null}},"18":{"start":{"line":43,"column":4},"end":{"line":45,"column":null}},"19":{"start":{"line":44,"column":6},"end":{"line":44,"column":null}},"20":{"start":{"line":48,"column":23},"end":{"line":51,"column":null}},"21":{"start":{"line":49,"column":4},"end":{"line":49,"column":null}},"22":{"start":{"line":50,"column":4},"end":{"line":50,"column":null}},"23":{"start":{"line":53,"column":23},"end":{"line":61,"column":null}},"24":{"start":{"line":54,"column":4},"end":{"line":60,"column":null}},"25":{"start":{"line":55,"column":23},"end":{"line":55,"column":41}},"26":{"start":{"line":56,"column":19},"end":{"line":56,"column":37}},"27":{"start":{"line":57,"column":21},"end":{"line":57,"column":39}},"28":{"start":{"line":58,"column":18},"end":{"line":58,"column":36}},"29":{"start":{"line":59,"column":15},"end":{"line":59,"column":33}},"30":{"start":{"line":109,"column":35},"end":{"line":109,"column":null}},"31":{"start":{"line":150,"column":63},"end":{"line":150,"column":99}},"32":{"start":{"line":150,"column":76},"end":{"line":150,"column":99}},"33":{"start":{"line":153,"column":63},"end":{"line":153,"column":101}},"34":{"start":{"line":153,"column":76},"end":{"line":153,"column":101}},"35":{"start":{"line":156,"column":63},"end":{"line":156,"column":75}},"36":{"start":{"line":177,"column":31},"end":{"line":177,"column":null}},"37":{"start":{"line":177,"column":51},"end":{"line":177,"column":71}},"38":{"start":{"line":178,"column":31},"end":{"line":178,"column":null}},"39":{"start":{"line":178,"column":51},"end":{"line":178,"column":71}},"40":{"start":{"line":179,"column":16},"end":{"line":179,"column":null}},"41":{"start":{"line":179,"column":40},"end":{"line":179,"column":null}},"42":{"start":{"line":180,"column":16},"end":{"line":182,"column":null}},"43":{"start":{"line":194,"column":16},"end":{"line":194,"column":33}}},"fnMap":{"0":{"name":"GraphPage","decl":{"start":{"line":34,"column":24},"end":{"line":34,"column":null}},"loc":{"start":{"line":34,"column":24},"end":{"line":228,"column":null}}},"1":{"name":"(anonymous_3)","decl":{"start":{"line":42,"column":12},"end":{"line":42,"column":null}},"loc":{"start":{"line":42,"column":12},"end":{"line":46,"column":5}}},"2":{"name":"(anonymous_4)","decl":{"start":{"line":48,"column":23},"end":{"line":48,"column":null}},"loc":{"start":{"line":48,"column":23},"end":{"line":51,"column":null}}},"3":{"name":"(anonymous_5)","decl":{"start":{"line":53,"column":23},"end":{"line":53,"column":24}},"loc":{"start":{"line":53,"column":24},"end":{"line":61,"column":null}}},"4":{"name":"(anonymous_6)","decl":{"start":{"line":109,"column":28},"end":{"line":109,"column":29}},"loc":{"start":{"line":109,"column":35},"end":{"line":109,"column":null}}},"5":{"name":"(anonymous_7)","decl":{"start":{"line":150,"column":57},"end":{"line":150,"column":63}},"loc":{"start":{"line":150,"column":63},"end":{"line":150,"column":99}}},"6":{"name":"(anonymous_8)","decl":{"start":{"line":150,"column":71},"end":{"line":150,"column":76}},"loc":{"start":{"line":150,"column":76},"end":{"line":150,"column":99}}},"7":{"name":"(anonymous_9)","decl":{"start":{"line":153,"column":57},"end":{"line":153,"column":63}},"loc":{"start":{"line":153,"column":63},"end":{"line":153,"column":101}}},"8":{"name":"(anonymous_10)","decl":{"start":{"line":153,"column":71},"end":{"line":153,"column":76}},"loc":{"start":{"line":153,"column":76},"end":{"line":153,"column":101}}},"9":{"name":"(anonymous_11)","decl":{"start":{"line":156,"column":57},"end":{"line":156,"column":63}},"loc":{"start":{"line":156,"column":63},"end":{"line":156,"column":75}}},"10":{"name":"(anonymous_12)","decl":{"start":{"line":176,"column":29},"end":{"line":176,"column":30}},"loc":{"start":{"line":176,"column":36},"end":{"line":190,"column":null}}},"11":{"name":"(anonymous_13)","decl":{"start":{"line":177,"column":46},"end":{"line":177,"column":51}},"loc":{"start":{"line":177,"column":51},"end":{"line":177,"column":71}}},"12":{"name":"(anonymous_14)","decl":{"start":{"line":178,"column":46},"end":{"line":178,"column":51}},"loc":{"start":{"line":178,"column":51},"end":{"line":178,"column":71}}},"13":{"name":"(anonymous_15)","decl":{"start":{"line":193,"column":29},"end":{"line":193,"column":30}},"loc":{"start":{"line":194,"column":16},"end":{"line":194,"column":33}}}},"branchMap":{"0":{"loc":{"start":{"line":43,"column":4},"end":{"line":45,"column":null}},"type":"if","locations":[{"start":{"line":43,"column":4},"end":{"line":45,"column":null}}]},"1":{"loc":{"start":{"line":43,"column":8},"end":{"line":43,"column":33}},"type":"binary-expr","locations":[{"start":{"line":43,"column":8},"end":{"line":43,"column":18}},{"start":{"line":43,"column":18},"end":{"line":43,"column":33}}]},"2":{"loc":{"start":{"line":54,"column":4},"end":{"line":60,"column":null}},"type":"switch","locations":[{"start":{"line":55,"column":6},"end":{"line":55,"column":41}},{"start":{"line":56,"column":6},"end":{"line":56,"column":37}},{"start":{"line":57,"column":6},"end":{"line":57,"column":39}},{"start":{"line":58,"column":6},"end":{"line":58,"column":36}},{"start":{"line":59,"column":6},"end":{"line":59,"column":33}}]},"3":{"loc":{"start":{"line":83,"column":48},"end":{"line":83,"column":null}},"type":"binary-expr","locations":[{"start":{"line":83,"column":48},"end":{"line":83,"column":66}},{"start":{"line":83,"column":66},"end":{"line":83,"column":null}}]},"4":{"loc":{"start":{"line":179,"column":16},"end":{"line":179,"column":null}},"type":"if","locations":[{"start":{"line":179,"column":16},"end":{"line":179,"column":null}}]},"5":{"loc":{"start":{"line":179,"column":20},"end":{"line":179,"column":40}},"type":"binary-expr","locations":[{"start":{"line":179,"column":20},"end":{"line":179,"column":31}},{"start":{"line":179,"column":31},"end":{"line":179,"column":40}}]},"6":{"loc":{"start":{"line":199,"column":28},"end":{"line":199,"column":null}},"type":"cond-expr","locations":[{"start":{"line":199,"column":55},"end":{"line":199,"column":79}},{"start":{"line":199,"column":79},"end":{"line":199,"column":null}}]},"7":{"loc":{"start":{"line":201,"column":21},"end":{"line":201,"column":null}},"type":"binary-expr","locations":[{"start":{"line":201,"column":21},"end":{"line":201,"column":null}}]}},"s":{"0":0,"1":0,"2":0,"3":0,"4":0,"5":0,"6":0,"7":0,"8":0,"9":0,"10":0,"11":0,"12":0,"13":0,"14":0,"15":0,"16":0,"17":0,"18":0,"19":0,"20":0,"21":0,"22":0,"23":0,"24":0,"25":0,"26":0,"27":0,"28":0,"29":0,"30":0,"31":0,"32":0,"33":0,"34":0,"35":0,"36":0,"37":0,"38":0,"39":0,"40":0,"41":0,"42":0,"43":0},"f":{"0":0,"1":0,"2":0,"3":0,"4":0,"5":0,"6":0,"7":0,"8":0,"9":0,"10":0,"11":0,"12":0,"13":0},"b":{"0":[0],"1":[0,0],"2":[0,0,0,0,0],"3":[0,0],"4":[0],"5":[0,0],"6":[0,0],"7":[0]}}
,"C:\\Users\\LENOVO\\.vscode\\project\\bank_vit_project\\frontend\\src\\app\\history\\page.tsx": {"path":"C:\\Users\\LENOVO\\.vscode\\project\\bank_vit_project\\frontend\\src\\app\\history\\page.tsx","statementMap":{"0":{"start":{"line":17,"column":24},"end":{"line":17,"column":null}},"1":{"start":{"line":3,"column":36},"end":{"line":3,"column":null}},"2":{"start":{"line":4,"column":26},"end":{"line":4,"column":null}},"3":{"start":{"line":5,"column":17},"end":{"line":5,"column":null}},"4":{"start":{"line":10,"column":7},"end":{"line":10,"column":null}},"5":{"start":{"line":11,"column":23},"end":{"line":11,"column":null}},"6":{"start":{"line":12,"column":74},"end":{"line":12,"column":null}},"7":{"start":{"line":13,"column":66},"end":{"line":13,"column":null}},"8":{"start":{"line":14,"column":25},"end":{"line":14,"column":null}},"9":{"start":{"line":15,"column":20},"end":{"line":15,"column":null}},"10":{"start":{"line":18,"column":17},"end":{"line":18,"column":null}},"11":{"start":{"line":19,"column":48},"end":{"line":19,"column":null}},"12":{"start":{"line":20,"column":51},"end":{"line":20,"column":null}},"13":{"start":{"line":21,"column":20},"end":{"line":21,"column":null}},"14":{"start":{"line":23,"column":26},"end":{"line":23,"column":null}},"15":{"start":{"line":24,"column":38},"end":{"line":24,"column":null}},"16":{"start":{"line":25,"column":23},"end":{"line":25,"column":null}},"17":{"start":{"line":27,"column":2},"end":{"line":34,"column":null}},"18":{"start":{"line":28,"column":4},"end":{"line":31,"column":null}},"19":{"start":{"line":29,"column":6},"end":{"line":29,"column":null}},"20":{"start":{"line":30,"column":6},"end":{"line":30,"column":null}},"21":{"start":{"line":33,"column":4},"end":{"line":33,"column":null}},"22":{"start":{"line":36,"column":23},"end":{"line":39,"column":null}},"23":{"start":{"line":37,"column":4},"end":{"line":37,"column":null}},"24":{"start":{"line":38,"column":4},"end":{"line":38,"column":null}},"25":{"start":{"line":41,"column":23},"end":{"line":58,"column":null}},"26":{"start":{"line":42,"column":4},"end":{"line":42,"column":null}},"27":{"start":{"line":42,"column":70},"end":{"line":42,"column":null}},"28":{"start":{"line":44,"column":4},"end":{"line":57,"column":null}},"29":{"start":{"line":45,"column":6},"end":{"line":45,"column":null}},"30":{"start":{"line":46,"column":6},"end":{"line":46,"column":null}},"31":{"start":{"line":47,"column":6},"end":{"line":50,"column":null}},"32":{"start":{"line":52,"column":6},"end":{"line":56,"column":null}},"33":{"start":{"line":60,"column":30},"end":{"line":62,"column":null}},"34":{"start":{"line":61,"column":30},"end":{"line":61,"column":null}},"35":{"start":{"line":64,"column":21},"end":{"line":64,"column":null}},"36":{"start":{"line":65,"column":31},"end":{"line":67,"column":null}},"37":{"start":{"line":70,"column":22},"end":{"line":70,"column":null}},"38":{"start":{"line":72,"column":21},"end":{"line":80,"column":null}},"39":{"start":{"line":73,"column":4},"end":{"line":79,"column":null}},"40":{"start":{"line":122,"column":18},"end":{"line":123,"column":null}},"41":{"start":{"line":131,"column":22},"end":{"line":131,"column":null}},"42":{"start":{"line":132,"column":22},"end":{"line":132,"column":null}},"43":{"start":{"line":171,"column":20},"end":{"line":172,"column":null}},"44":{"start":{"line":205,"column":41},"end":{"line":205,"column":null}},"45":{"start":{"line":221,"column":37},"end":{"line":221,"column":null}},"46":{"start":{"line":221,"column":50},"end":{"line":221,"column":null}},"47":{"start":{"line":232,"column":37},"end":{"line":232,"column":null}},"48":{"start":{"line":232,"column":50},"end":{"line":232,"column":null}}},"fnMap":{"0":{"name":"HistoryPage","decl":{"start":{"line":17,"column":24},"end":{"line":17,"column":null}},"loc":{"start":{"line":17,"column":24},"end":{"line":246,"column":null}}},"1":{"name":"(anonymous_3)","decl":{"start":{"line":27,"column":12},"end":{"line":27,"column":null}},"loc":{"start":{"line":27,"column":12},"end":{"line":34,"column":5}}},"2":{"name":"(anonymous_4)","decl":{"start":{"line":36,"column":23},"end":{"line":36,"column":null}},"loc":{"start":{"line":36,"column":23},"end":{"line":39,"column":null}}},"3":{"name":"(anonymous_5)","decl":{"start":{"line":41,"column":23},"end":{"line":41,"column":30}},"loc":{"start":{"line":41,"column":30},"end":{"line":58,"column":null}}},"4":{"name":"(anonymous_6)","decl":{"start":{"line":61,"column":25},"end":{"line":61,"column":30}},"loc":{"start":{"line":61,"column":30},"end":{"line":61,"column":null}}},"5":{"name":"(anonymous_7)","decl":{"start":{"line":72,"column":21},"end":{"line":72,"column":22}},"loc":{"start":{"line":72,"column":22},"end":{"line":80,"column":null}}},"6":{"name":"(anonymous_8)","decl":{"start":{"line":121,"column":33},"end":{"line":121,"column":34}},"loc":{"start":{"line":122,"column":18},"end":{"line":123,"column":null}}},"7":{"name":"(anonymous_9)","decl":{"start":{"line":130,"column":29},"end":{"line":130,"column":null}},"loc":{"start":{"line":130,"column":29},"end":{"line":133,"column":null}}},"8":{"name":"(anonymous_10)","decl":{"start":{"line":170,"column":44},"end":{"line":170,"column":45}},"loc":{"start":{"line":171,"column":20},"end":{"line":172,"column":null}}},"9":{"name":"(anonymous_11)","decl":{"start":{"line":205,"column":35},"end":{"line":205,"column":41}},"loc":{"start":{"line":205,"column":41},"end":{"line":205,"column":null}}},"10":{"name":"(anonymous_12)","decl":{"start":{"line":221,"column":31},"end":{"line":221,"column":37}},"loc":{"start":{"line":221,"column":37},"end":{"line":221,"column":null}}},"11":{"name":"(anonymous_13)","decl":{"start":{"line":221,"column":45},"end":{"line":221,"column":50}},"loc":{"start":{"line":221,"column":50},"end":{"line":221,"column":null}}},"12":{"name":"(anonymous_14)","decl":{"start":{"line":232,"column":31},"end":{"line":232,"column":37}},"loc":{"start":{"line":232,"column":37},"end":{"line":232,"column":null}}},"13":{"name":"(anonymous_15)","decl":{"start":{"line":232,"column":45},"end":{"line":232,"column":50}},"loc":{"start":{"line":232,"column":50},"end":{"line":232,"column":null}}}},"branchMap":{"0":{"loc":{"start":{"line":28,"column":4},"end":{"line":31,"column":null}},"type":"if","locations":[{"start":{"line":28,"column":4},"end":{"line":31,"column":null}}]},"1":{"loc":{"start":{"line":28,"column":8},"end":{"line":28,"column":33}},"type":"binary-expr","locations":[{"start":{"line":28,"column":8},"end":{"line":28,"column":18}},{"start":{"line":28,"column":18},"end":{"line":28,"column":33}}]},"2":{"loc":{"start":{"line":42,"column":4},"end":{"line":42,"column":null}},"type":"if","locations":[{"start":{"line":42,"column":4},"end":{"line":42,"column":null}}]},"3":{"loc":{"start":{"line":60,"column":30},"end":{"line":62,"column":null}},"type":"cond-expr","locations":[{"start":{"line":61,"column":6},"end":{"line":61,"column":null}},{"start":{"line":62,"column":6},"end":{"line":62,"column":null}}]},"4":{"loc":{"start":{"line":97,"column":41},"end":{"line":97,"column":null}},"type":"binary-expr","locations":[{"start":{"line":97,"column":41},"end":{"line":97,"column":59}},{"start":{"line":97,"column":59},"end":{"line":97,"column":null}}]},"5":{"loc":{"start":{"line":125,"column":22},"end":{"line":127,"column":null}},"type":"cond-expr","locations":[{"start":{"line":126,"column":26},"end":{"line":126,"column":null}},{"start":{"line":127,"column":26},"end":{"line":127,"column":null}}]},"6":{"loc":{"start":{"line":125,"column":22},"end":{"line":125,"column":null}},"type":"binary-expr","locations":[{"start":{"line":125,"column":22},"end":{"line":125,"column":41}},{"start":{"line":125,"column":41},"end":{"line":125,"column":57}},{"start":{"line":125,"column":57},"end":{"line":125,"column":null}}]},"7":{"loc":{"start":{"line":131,"column":36},"end":{"line":131,"column":null}},"type":"cond-expr","locations":[{"start":{"line":131,"column":53},"end":{"line":131,"column":60}},{"start":{"line":131,"column":60},"end":{"line":131,"column":null}}]},"8":{"loc":{"start":{"line":154,"column":14},"end":{"line":157,"column":37}},"type":"cond-expr","locations":[{"start":{"line":154,"column":14},"end":{"line":157,"column":37}}]},"9":{"loc":{"start":{"line":158,"column":14},"end":{"line":168,"column":null}},"type":"cond-expr","locations":[{"start":{"line":158,"column":14},"end":{"line":168,"column":null}}]},"10":{"loc":{"start":{"line":177,"column":26},"end":{"line":180,"column":null}},"type":"cond-expr","locations":[{"start":{"line":177,"column":59},"end":{"line":177,"column":null}},{"start":{"line":178,"column":26},"end":{"line":180,"column":null}}]},"11":{"loc":{"start":{"line":178,"column":26},"end":{"line":180,"column":null}},"type":"cond-expr","locations":[{"start":{"line":178,"column":55},"end":{"line":178,"column":null}},{"start":{"line":179,"column":26},"end":{"line":180,"column":null}}]},"12":{"loc":{"start":{"line":179,"column":26},"end":{"line":180,"column":null}},"type":"cond-expr","locations":[{"start":{"line":179,"column":57},"end":{"line":179,"column":null}},{"start":{"line":180,"column":26},"end":{"line":180,"column":null}}]},"13":{"loc":{"start":{"line":183,"column":28},"end":{"line":185,"column":29}},"type":"cond-expr","locations":[{"start":{"line":183,"column":28},"end":{"line":185,"column":29}}]},"14":{"loc":{"start":{"line":216,"column":17},"end":{"line":216,"column":null}},"type":"binary-expr","locations":[{"start":{"line":216,"column":17},"end":{"line":216,"column":null}}]}},"s":{"0":0,"1":0,"2":0,"3":0,"4":0,"5":0,"6":0,"7":0,"8":0,"9":0,"10":0,"11":0,"12":0,"13":0,"14":0,"15":0,"16":0,"17":0,"18":0,"19":0,"20":0,"21":0,"22":0,"23":0,"24":0,"25":0,"26":0,"27":0,"28":0,"29":0,"30":0,"31":0,"32":0,"33":0,"34":0,"35":0,"36":0,"37":0,"38":0,"39":0,"40":0,"41":0,"42":0,"43":0,"44":0,"45":0,"46":0,"47":0,"48":0},"f":{"0":0,"1":0,"2":0,"3":0,"4":0,"5":0,"6":0,"7":0,"8":0,"9":0,"10":0,"11":0,"12":0,"13":0},"b":{"0":[0],"1":[0,0],"2":[0],"3":[0,0],"4":[0,0],"5":[0,0],"6":[0,0,0],"7":[0,0],"8":[0],"9":[0],"10":[0,0],"11":[0,0],"12":[0,0],"13":[0],"14":[0]}}
,"C:\\Users\\LENOVO\\.vscode\\project\\bank_vit_project\\frontend\\src\\app\\login\\page.tsx": {"path":"C:\\Users\\LENOVO\\.vscode\\project\\bank_vit_project\\frontend\\src\\app\\login\\page.tsx","statementMap":{"0":{"start":{"line":14,"column":24},"end":{"line":14,"column":null}},"1":{"start":{"line":3,"column":36},"end":{"line":3,"column":null}},"2":{"start":{"line":4,"column":26},"end":{"line":4,"column":null}},"3":{"start":{"line":5,"column":17},"end":{"line":5,"column":null}},"4":{"start":{"line":6,"column":55},"end":{"line":6,"column":null}},"5":{"start":{"line":7,"column":23},"end":{"line":7,"column":null}},"6":{"start":{"line":8,"column":22},"end":{"line":8,"column":null}},"7":{"start":{"line":9,"column":22},"end":{"line":9,"column":null}},"8":{"start":{"line":10,"column":86},"end":{"line":10,"column":null}},"9":{"start":{"line":11,"column":29},"end":{"line":11,"column":null}},"10":{"start":{"line":12,"column":25},"end":{"line":12,"column":null}},"11":{"start":{"line":15,"column":17},"end":{"line":15,"column":null}},"12":{"start":{"line":16,"column":31},"end":{"line":16,"column":null}},"13":{"start":{"line":17,"column":20},"end":{"line":17,"column":null}},"14":{"start":{"line":19,"column":28},"end":{"line":19,"column":null}},"15":{"start":{"line":20,"column":34},"end":{"line":20,"column":null}},"16":{"start":{"line":22,"column":23},"end":{"line":49,"column":null}},"17":{"start":{"line":23,"column":4},"end":{"line":23,"column":null}},"18":{"start":{"line":25,"column":4},"end":{"line":32,"column":null}},"19":{"start":{"line":26,"column":6},"end":{"line":30,"column":null}},"20":{"start":{"line":31,"column":6},"end":{"line":31,"column":null}},"21":{"start":{"line":34,"column":19},"end":{"line":34,"column":null}},"22":{"start":{"line":36,"column":4},"end":{"line":48,"column":null}},"23":{"start":{"line":37,"column":6},"end":{"line":40,"column":null}},"24":{"start":{"line":41,"column":6},"end":{"line":41,"column":null}},"25":{"start":{"line":43,"column":6},"end":{"line":47,"column":null}},"26":{"start":{"line":80,"column":35},"end":{"line":80,"column":null}},"27":{"start":{"line":99,"column":35},"end":{"line":99,"column":null}}},"fnMap":{"0":{"name":"LoginPage","decl":{"start":{"line":14,"column":24},"end":{"line":14,"column":null}},"loc":{"start":{"line":14,"column":24},"end":{"line":137,"column":null}}},"1":{"name":"(anonymous_3)","decl":{"start":{"line":22,"column":23},"end":{"line":22,"column":30}},"loc":{"start":{"line":22,"column":30},"end":{"line":49,"column":null}}},"2":{"name":"(anonymous_4)","decl":{"start":{"line":80,"column":28},"end":{"line":80,"column":29}},"loc":{"start":{"line":80,"column":35},"end":{"line":80,"column":null}}},"3":{"name":"(anonymous_5)","decl":{"start":{"line":99,"column":28},"end":{"line":99,"column":29}},"loc":{"start":{"line":99,"column":35},"end":{"line":99,"column":null}}}},"branchMap":{"0":{"loc":{"start":{"line":25,"column":4},"end":{"line":32,"column":null}},"type":"if","locations":[{"start":{"line":25,"column":4},"end":{"line":32,"column":null}}]},"1":{"loc":{"start":{"line":25,"column":8},"end":{"line":25,"column":29}},"type":"binary-expr","locations":[{"start":{"line":25,"column":8},"end":{"line":25,"column":18}},{"start":{"line":25,"column":18},"end":{"line":25,"column":29}}]},"2":{"loc":{"start":{"line":36,"column":4},"end":{"line":48,"column":null}},"type":"if","locations":[{"start":{"line":36,"column":4},"end":{"line":48,"column":null}},{"start":{"line":42,"column":11},"end":{"line":48,"column":null}}]},"3":{"loc":{"start":{"line":45,"column":21},"end":{"line":45,"column":null}},"type":"binary-expr","locations":[{"start":{"line":45,"column":21},"end":{"line":45,"column":33}},{"start":{"line":45,"column":37},"end":{"line":45,"column":null}}]},"4":{"loc":{"start":{"line":112,"column":16},"end":{"line":117,"column":18}},"type":"cond-expr","locations":[{"start":{"line":112,"column":16},"end":{"line":117,"column":18}}]}},"s":{"0":0,"1":0,"2":0,"3":0,"4":0,"5":0,"6":0,"7":0,"8":0,"9":0,"10":0,"11":0,"12":0,"13":0,"14":0,"15":0,"16":0,"17":0,"18":0,"19":0,"20":0,"21":0,"22":0,"23":0,"24":0,"25":0,"26":0,"27":0},"f":{"0":0,"1":0,"2":0,"3":0},"b":{"0":[0],"1":[0,0],"2":[0,0],"3":[0,0],"4":[0]}}
,"C:\\Users\\LENOVO\\.vscode\\project\\bank_vit_project\\frontend\\src\\app\\model-comparison\\page.tsx": {"path":"C:\\Users\\LENOVO\\.vscode\\project\\bank_vit_project\\frontend\\src\\app\\model-comparison\\page.tsx","statementMap":{"0":{"start":{"line":73,"column":24},"end":{"line":73,"column":null}},"1":{"start":{"line":3,"column":36},"end":{"line":3,"column":null}},"2":{"start":{"line":4,"column":26},"end":{"line":4,"column":null}},"3":{"start":{"line":5,"column":17},"end":{"line":5,"column":null}},"4":{"start":{"line":10,"column":7},"end":{"line":10,"column":null}},"5":{"start":{"line":14,"column":7},"end":{"line":14,"column":null}},"6":{"start":{"line":15,"column":23},"end":{"line":15,"column":null}},"7":{"start":{"line":16,"column":74},"end":{"line":16,"column":null}},"8":{"start":{"line":17,"column":57},"end":{"line":17,"column":null}},"9":{"start":{"line":19,"column":29},"end":{"line":19,"column":null}},"10":{"start":{"line":20,"column":25},"end":{"line":20,"column":null}},"11":{"start":{"line":21,"column":20},"end":{"line":21,"column":null}},"12":{"start":{"line":38,"column":23},"end":{"line":43,"column":null}},"13":{"start":{"line":45,"column":19},"end":{"line":51,"column":null}},"14":{"start":{"line":45,"column":44},"end":{"line":51,"column":null}},"15":{"start":{"line":53,"column":16},"end":{"line":59,"column":null}},"16":{"start":{"line":61,"column":19},"end":{"line":67,"column":null}},"17":{"start":{"line":74,"column":17},"end":{"line":74,"column":null}},"18":{"start":{"line":75,"column":58},"end":{"line":75,"column":null}},"19":{"start":{"line":76,"column":20},"end":{"line":76,"column":null}},"20":{"start":{"line":77,"column":30},"end":{"line":77,"column":null}},"21":{"start":{"line":78,"column":36},"end":{"line":78,"column":null}},"22":{"start":{"line":80,"column":2},"end":{"line":91,"column":null}},"23":{"start":{"line":81,"column":17},"end":{"line":89,"column":null}},"24":{"start":{"line":82,"column":6},"end":{"line":82,"column":null}},"25":{"start":{"line":82,"column":37},"end":{"line":82,"column":60}},"26":{"start":{"line":82,"column":60},"end":{"line":82,"column":68}},"27":{"start":{"line":83,"column":6},"end":{"line":83,"column":null}},"28":{"start":{"line":84,"column":6},"end":{"line":87,"column":null}},"29":{"start":{"line":85,"column":20},"end":{"line":85,"column":null}},"30":{"start":{"line":86,"column":8},"end":{"line":86,"column":null}},"31":{"start":{"line":86,"column":22},"end":{"line":86,"column":null}},"32":{"start":{"line":88,"column":6},"end":{"line":88,"column":null}},"33":{"start":{"line":90,"column":4},"end":{"line":90,"column":null}},"34":{"start":{"line":93,"column":23},"end":{"line":97,"column":null}},"35":{"start":{"line":94,"column":4},"end":{"line":94,"column":null}},"36":{"start":{"line":95,"column":4},"end":{"line":95,"column":null}},"37":{"start":{"line":96,"column":4},"end":{"line":96,"column":null}},"38":{"start":{"line":99,"column":2},"end":{"line":105,"column":null}},"39":{"start":{"line":170,"column":26},"end":{"line":170,"column":43}},"40":{"start":{"line":213,"column":88},"end":{"line":213,"column":110}},"41":{"start":{"line":214,"column":82},"end":{"line":214,"column":98}},"42":{"start":{"line":215,"column":85},"end":{"line":215,"column":104}},"43":{"start":{"line":216,"column":90},"end":{"line":216,"column":114}},"44":{"start":{"line":288,"column":22},"end":{"line":288,"column":38}},"45":{"start":{"line":305,"column":28},"end":{"line":305,"column":42}},"46":{"start":{"line":337,"column":26},"end":{"line":337,"column":47}}},"fnMap":{"0":{"name":"(anonymous_2)","decl":{"start":{"line":45,"column":38},"end":{"line":45,"column":44}},"loc":{"start":{"line":45,"column":44},"end":{"line":51,"column":null}}},"1":{"name":"ModelComparisonPage","decl":{"start":{"line":73,"column":24},"end":{"line":73,"column":null}},"loc":{"start":{"line":73,"column":24},"end":{"line":434,"column":null}}},"2":{"name":"(anonymous_4)","decl":{"start":{"line":80,"column":12},"end":{"line":80,"column":null}},"loc":{"start":{"line":80,"column":12},"end":{"line":91,"column":5}}},"3":{"name":"(anonymous_5)","decl":{"start":{"line":81,"column":17},"end":{"line":81,"column":null}},"loc":{"start":{"line":81,"column":17},"end":{"line":89,"column":null}}},"4":{"name":"(anonymous_6)","decl":{"start":{"line":93,"column":23},"end":{"line":93,"column":null}},"loc":{"start":{"line":93,"column":23},"end":{"line":97,"column":null}}},"5":{"name":"(anonymous_7)","decl":{"start":{"line":169,"column":44},"end":{"line":169,"column":45}},"loc":{"start":{"line":170,"column":26},"end":{"line":170,"column":43}}},"6":{"name":"(anonymous_8)","decl":{"start":{"line":213,"column":83},"end":{"line":213,"column":88}},"loc":{"start":{"line":213,"column":88},"end":{"line":213,"column":110}}},"7":{"name":"(anonymous_9)","decl":{"start":{"line":214,"column":77},"end":{"line":214,"column":82}},"loc":{"start":{"line":214,"column":82},"end":{"line":214,"column":98}}},"8":{"name":"(anonymous_10)","decl":{"start":{"line":215,"column":80},"end":{"line":215,"column":85}},"loc":{"start":{"line":215,"column":85},"end":{"line":215,"column":104}}},"9":{"name":"(anonymous_11)","decl":{"start":{"line":216,"column":85},"end":{"line":216,"column":90}},"loc":{"start":{"line":216,"column":90},"end":{"line":216,"column":114}}},"10":{"name":"(anonymous_12)","decl":{"start":{"line":287,"column":32},"end":{"line":287,"column":null}},"loc":{"start":{"line":288,"column":22},"end":{"line":288,"column":38}}},"11":{"name":"(anonymous_13)","decl":{"start":{"line":304,"column":41},"end":{"line":304,"column":null}},"loc":{"start":{"line":305,"column":28},"end":{"line":305,"column":42}}},"12":{"name":"(anonymous_14)","decl":{"start":{"line":336,"column":37},"end":{"line":336,"column":null}},"loc":{"start":{"line":337,"column":26},"end":{"line":337,"column":47}}}},"branchMap":{"0":{"loc":{"start":{"line":82,"column":6},"end":{"line":82,"column":null}},"type":"if","locations":[{"start":{"line":82,"column":6},"end":{"line":82,"column":null}}]},"1":{"loc":{"start":{"line":82,"column":10},"end":{"line":82,"column":35}},"type":"binary-expr","locations":[{"start":{"line":82,"column":10},"end":{"line":82,"column":20}},{"start":{"line":82,"column":20},"end":{"line":82,"column":35}}]},"2":{"loc":{"start":{"line":86,"column":8},"end":{"line":86,"column":null}},"type":"if","locations":[{"start":{"line":86,"column":8},"end":{"line":86,"column":null}}]},"3":{"loc":{"start":{"line":99,"column":2},"end":{"line":105,"column":null}},"type":"if","locations":[{"start":{"line":99,"column":2},"end":{"line":105,"column":null}}]},"4":{"loc":{"start":{"line":124,"column":41},"end":{"line":124,"column":null}},"type":"binary-expr","locations":[{"start":{"line":124,"column":41},"end":{"line":124,"column":59}},{"start":{"line":124,"column":59},"end":{"line":124,"column":null}}]},"5":{"loc":{"start":{"line":170,"column":66},"end":{"line":170,"column":95}},"type":"cond-expr","locations":[{"start":{"line":170,"column":76},"end":{"line":170,"column":92}},{"start":{"line":170,"column":92},"end":{"line":170,"column":95}}]},"6":{"loc":{"start":{"line":171,"column":76},"end":{"line":171,"column":87}},"type":"binary-expr","locations":[{"start":{"line":171,"column":76},"end":{"line":171,"column":87}}]},"7":{"loc":{"start":{"line":280,"column":18},"end":{"line":286,"column":19}},"type":"cond-expr","locations":[{"start":{"line":280,"column":18},"end":{"line":286,"column":19}}]},"8":{"loc":{"start":{"line":292,"column":28},"end":{"line":294,"column":29}},"type":"cond-expr","locations":[{"start":{"line":292,"column":28},"end":{"line":294,"column":29}}]}},"s":{"0":0,"1":0,"2":0,"3":0,"4":0,"5":0,"6":0,"7":0,"8":0,"9":0,"10":0,"11":0,"12":0,"13":0,"14":0,"15":0,"16":0,"17":0,"18":0,"19":0,"20":0,"21":0,"22":0,"23":0,"24":0,"25":0,"26":0,"27":0,"28":0,"29":0,"30":0,"31":0,"32":0,"33":0,"34":0,"35":0,"36":0,"37":0,"38":0,"39":0,"40":0,"41":0,"42":0,"43":0,"44":0,"45":0,"46":0},"f":{"0":0,"1":0,"2":0,"3":0,"4":0,"5":0,"6":0,"7":0,"8":0,"9":0,"10":0,"11":0,"12":0},"b":{"0":[0],"1":[0,0],"2":[0],"3":[0],"4":[0,0],"5":[0,0],"6":[0],"7":[0],"8":[0]}}
,"C:\\Users\\LENOVO\\.vscode\\project\\bank_vit_project\\frontend\\src\\app\\monitoring\\page.tsx": {"path":"C:\\Users\\LENOVO\\.vscode\\project\\bank_vit_project\\frontend\\src\\app\\monitoring\\page.tsx","statementMap":{"0":{"start":{"line":80,"column":24},"end":{"line":80,"column":null}},"1":{"start":{"line":3,"column":49},"end":{"line":3,"column":null}},"2":{"start":{"line":4,"column":26},"end":{"line":4,"column":null}},"3":{"start":{"line":5,"column":17},"end":{"line":5,"column":null}},"4":{"start":{"line":11,"column":7},"end":{"line":11,"column":null}},"5":{"start":{"line":15,"column":7},"end":{"line":15,"column":null}},"6":{"start":{"line":16,"column":23},"end":{"line":16,"column":null}},"7":{"start":{"line":17,"column":74},"end":{"line":17,"column":null}},"8":{"start":{"line":18,"column":57},"end":{"line":18,"column":null}},"9":{"start":{"line":19,"column":25},"end":{"line":19,"column":null}},"10":{"start":{"line":20,"column":22},"end":{"line":20,"column":null}},"11":{"start":{"line":21,"column":29},"end":{"line":21,"column":null}},"12":{"start":{"line":22,"column":25},"end":{"line":22,"column":null}},"13":{"start":{"line":23,"column":20},"end":{"line":23,"column":null}},"14":{"start":{"line":81,"column":17},"end":{"line":81,"column":null}},"15":{"start":{"line":82,"column":34},"end":{"line":82,"column":null}},"16":{"start":{"line":83,"column":20},"end":{"line":83,"column":null}},"17":{"start":{"line":85,"column":30},"end":{"line":85,"column":null}},"18":{"start":{"line":86,"column":32},"end":{"line":86,"column":null}},"19":{"start":{"line":87,"column":26},"end":{"line":87,"column":null}},"20":{"start":{"line":88,"column":32},"end":{"line":88,"column":null}},"21":{"start":{"line":89,"column":38},"end":{"line":89,"column":null}},"22":{"start":{"line":91,"column":30},"end":{"line":113,"column":null}},"23":{"start":{"line":92,"column":4},"end":{"line":112,"column":null}},"24":{"start":{"line":93,"column":47},"end":{"line":97,"column":null}},"25":{"start":{"line":99,"column":6},"end":{"line":99,"column":null}},"26":{"start":{"line":100,"column":6},"end":{"line":100,"column":null}},"27":{"start":{"line":101,"column":6},"end":{"line":101,"column":null}},"28":{"start":{"line":103,"column":6},"end":{"line":103,"column":null}},"29":{"start":{"line":104,"column":6},"end":{"line":108,"column":null}},"30":{"start":{"line":110,"column":6},"end":{"line":110,"column":null}},"31":{"start":{"line":111,"column":6},"end":{"line":111,"column":null}},"32":{"start":{"line":115,"column":2},"end":{"line":120,"column":null}},"33":{"start":{"line":116,"column":4},"end":{"line":116,"column":null}},"34":{"start":{"line":118,"column":21},"end":{"line":118,"column":null}},"35":{"start":{"line":119,"column":4},"end":{"line":119,"column":null}},"36":{"start":{"line":119,"column":17},"end":{"line":119,"column":null}},"37":{"start":{"line":122,"column":24},"end":{"line":125,"column":null}},"38":{"start":{"line":123,"column":4},"end":{"line":123,"column":null}},"39":{"start":{"line":124,"column":4},"end":{"line":124,"column":null}},"40":{"start":{"line":127,"column":28},"end":{"line":135,"column":null}},"41":{"start":{"line":128,"column":4},"end":{"line":134,"column":null}},"42":{"start":{"line":129,"column":6},"end":{"line":129,"column":null}},"43":{"start":{"line":130,"column":6},"end":{"line":130,"column":null}},"44":{"start":{"line":131,"column":6},"end":{"line":131,"column":null}},"45":{"start":{"line":133,"column":6},"end":{"line":133,"column":null}},"46":{"start":{"line":137,"column":23},"end":{"line":140,"column":null}},"47":{"start":{"
[...]
null}}},"6":{"name":"edgeDensity","decl":{"start":{"line":128,"column":9},"end":{"line":128,"column":null}},"loc":{"start":{"line":132,"column":20},"end":{"line":163,"column":null}}},"7":{"name":"assessImageQuality","decl":{"start":{"line":176,"column":22},"end":{"line":176,"column":40}},"loc":{"start":{"line":177,"column":30},"end":{"line":202,"column":null}}},"8":{"name":"autoCropDocument","decl":{"start":{"line":209,"column":22},"end":{"line":209,"column":38}},"loc":{"start":{"line":211,"column":18},"end":{"line":229,"column":null}}},"9":{"name":"(anonymous_13)","decl":{"start":{"line":226,"column":27},"end":{"line":226,"column":28}},"loc":{"start":{"line":226,"column":28},"end":{"line":228,"column":null}}},"10":{"name":"(anonymous_14)","decl":{"start":{"line":227,"column":15},"end":{"line":227,"column":16}},"loc":{"start":{"line":227,"column":25},"end":{"line":227,"column":41}}}},"branchMap":{"0":{"loc":{"start":{"line":31,"column":2},"end":{"line":31,"column":19}},"type":"default-arg","locations":[{"start":{"line":31,"column":16},"end":{"line":31,"column":19}}]},"1":{"loc":{"start":{"line":35,"column":4},"end":{"line":37,"column":null}},"type":"cond-expr","locations":[{"start":{"line":36,"column":8},"end":{"line":36,"column":null}},{"start":{"line":37,"column":8},"end":{"line":37,"column":null}}]},"2":{"loc":{"start":{"line":45,"column":2},"end":{"line":45,"column":null}},"type":"if","locations":[{"start":{"line":45,"column":2},"end":{"line":45,"column":null}}]},"3":{"loc":{"start":{"line":109,"column":38},"end":{"line":109,"column":53}},"type":"default-arg","locations":[{"start":{"line":109,"column":50},"end":{"line":109,"column":53}}]},"4":{"loc":{"start":{"line":117,"column":4},"end":{"line":117,"column":null}},"type":"if","locations":[{"start":{"line":117,"column":4},"end":{"line":117,"column":null}}]},"5":{"loc":{"start":{"line":117,"column":8},"end":{"line":117,"column":57}},"type":"binary-expr","locations":[{"start":{"line":117,"column":8},"end":{"line":117,"column":25}},{"start":{"line":117,"column":25},"end":{"line":117,"column":42}},{"start":{"line":117,"column":42},"end":{"line":117,"column":57}}]},"6":{"loc":{"start":{"line":132,"column":2},"end":{"line":132,"column":20}},"type":"default-arg","locations":[{"start":{"line":132,"column":18},"end":{"line":132,"column":20}}]},"7":{"loc":{"start":{"line":157,"column":6},"end":{"line":157,"column":null}},"type":"if","locations":[{"start":{"line":157,"column":6},"end":{"line":157,"column":null}}]},"8":{"loc":{"start":{"line":191,"column":2},"end":{"line":191,"column":null}},"type":"if","locations":[{"start":{"line":191,"column":2},"end":{"line":191,"column":null}}]},"9":{"loc":{"start":{"line":192,"column":2},"end":{"line":192,"column":null}},"type":"if","locations":[{"start":{"line":192,"column":2},"end":{"line":192,"column":null}}]},"10":{"loc":{"start":{"line":193,"column":2},"end":{"line":193,"column":null}},"type":"if","locations":[{"start":{"line":193,"column":2},"end":{"line":193,"column":null}}]},"11":{"loc":{"start":{"line":211,"column":2},"end":{"line":211,"column":18}},"type":"default-arg","locations":[{"start":{"line":211,"column":15},"end":{"line":211,"column":18}}]}},"s":{"0":0,"1":0,"2":0,"3":0,"4":0,"5":0,"6":0,"7":0,"8":0,"9":0,"10":0,"11":0,"12":0,"13":0,"14":0,"15":0,"16":0,"17":0,"18":0,"19":0,"20":0,"21":0,"22":0,"23":0,"24":0,"25":0,"26":0,"27":0,"28":0,"29":0,"30":0,"31":0,"32":0,"33":0,"34":0,"35":0,"36":0,"37":0,"38":0,"39":0,"40":0,"41":0,"42":0,"43":0,"44":0,"45":0,"46":0,"47":0,"48":0,"49":0,"50":0,"51":0,"52":0,"53":0,"54":0,"55":0,"56":0,"57":0,"58":0,"59":0,"60":0,"61":0,"62":0,"63":0,"64":0,"65":0,"66":0,"67":0,"68":0,"69":0,"70":0,"71":0,"72":0,"73":0,"74":0,"75":0,"76":0,"77":0,"78":0,"79":0,"80":0,"81":0,"82":0,"83":0,"84":0,"85":0,"86":0,"87":0,"88":0,"89":0,"90":0,"91":0,"92":0,"93":0,"94":0,"95":0,"96":0},"f":{"0":0,"1":0,"2":0,"3":0,"4":0,"5":0,"6":0,"7":0,"8":0,"9":0,"10":0},"b":{"0":[0],"1":[0,0],"2":[0],"3":[0],"4":[0],"5":[0,0,0],"6":[0],"7":[0],"8":[0],"9":[0],"10":[0],"11":[0]}}
,"C:\\Users\\LENOVO\\.vscode\\project\\bank_vit_project\\frontend\\src\\lib\\store.ts": {"path":"C:\\Users\\LENOVO\\.vscode\\project\\bank_vit_project\\frontend\\src\\lib\\store.ts","statementMap":{"0":{"start":{"line":70,"column":13},"end":{"line":70,"column":25}},"1":{"start":{"line":158,"column":13},"end":{"line":158,"column":31}},"2":{"start":{"line":5,"column":23},"end":{"line":5,"column":null}},"3":{"start":{"line":6,"column":24},"end":{"line":6,"column":null}},"4":{"start":{"line":7,"column":20},"end":{"line":7,"column":null}},"5":{"start":{"line":9,"column":22},"end":{"line":9,"column":null}},"6":{"start":{"line":10,"column":21},"end":{"line":10,"column":null}},"7":{"start":{"line":12,"column":20},"end":{"line":18,"column":null}},"8":{"start":{"line":70,"column":28},"end":{"line":154,"column":null}},"9":{"start":{"line":72,"column":19},"end":{"line":150,"column":null}},"10":{"start":{"line":80,"column":8},"end":{"line":83,"column":null}},"11":{"start":{"line":81,"column":10},"end":{"line":81,"column":null}},"12":{"start":{"line":82,"column":10},"end":{"line":82,"column":null}},"13":{"start":{"line":84,"column":8},"end":{"line":84,"column":null}},"14":{"start":{"line":85,"column":23},"end":{"line":85,"column":null}},"15":{"start":{"line":87,"column":8},"end":{"line":90,"column":null}},"16":{"start":{"line":88,"column":10},"end":{"line":88,"column":null}},"17":{"start":{"line":89,"column":10},"end":{"line":89,"column":null}},"18":{"start":{"line":92,"column":22},"end":{"line":92,"column":47}},"19":{"start":{"line":93,"column":8},"end":{"line":93,"column":null}},"20":{"start":{"line":94,"column":8},"end":{"line":94,"column":null}},"21":{"start":{"line":97,"column":8},"end":{"line":97,"column":null}},"22":{"start":{"line":98,"column":8},"end":{"line":98,"column":null}},"23":{"start":{"line":102,"column":8},"end":{"line":104,"column":null}},"24":{"start":{"line":103,"column":10},"end":{"line":103,"column":null}},"25":{"start":{"line":105,"column":8},"end":{"line":105,"column":null}},"26":{"start":{"line":106,"column":23},"end":{"line":106,"column":null}},"27":{"start":{"line":108,"column":8},"end":{"line":111,"column":null}},"28":{"start":{"line":109,"column":10},"end":{"line":109,"column":null}},"29":{"start":{"line":110,"column":10},"end":{"line":110,"column":null}},"30":{"start":{"line":113,"column":8},"end":{"line":113,"column":null}},"31":{"start":{"line":114,"column":8},"end":{"line":114,"column":null}},"32":{"start":{"line":118,"column":8},"end":{"line":121,"column":null}},"33":{"start":{"line":119,"column":10},"end":{"line":119,"column":null}},"34":{"start":{"line":120,"column":10},"end":{"line":120,"column":null}},"35":{"start":{"line":122,"column":8},"end":{"line":122,"column":null}},"36":{"start":{"line":123,"column":8},"end":{"line":123,"column":null}},"37":{"start":{"line":127,"column":8},"end":{"line":130,"column":null}},"38":{"start":{"line":128,"column":10},"end":{"line":128,"column":null}},"39":{"start":{"line":129,"column":10},"end":{"line":129,"column":null}},"40":{"start":{"line":131,"column":22},"end":{"line":131,"column":33}},"41":{"start":{"line":132,"column":8},"end":{"line":132,"column":null}},"42":{"start":{"line":132,"column":20},"end":{"line":132,"column":null}},"43":{"start":{"line":134,"column":8},"end":{"line":134,"column":null}},"44":{"start":{"line":135,"column":23},"end":{"line":135,"column":null}},"45":{"start":{"line":137,"column":8},"end":{"line":148,"column":null}},"46":{"start":{"line":138,"column":10},"end":{"line":141,"column":null}},"47":{"start":{"line":143,"column":10},"end":{"line":147,"column":null}},"48":{"start":{"line":153,"column":30},"end":{"line":153,"column":null}},"49":{"start":{"line":158,"column":34},"end":{"line":210,"column":null}},"50":{"start":{"line":158,"column":73},"end":{"line":210,"column":null}},"51":{"start":{"line":163,"column":35},"end":{"line":163,"column":null}},"52":{"start":{"line":164,"column":40},"end":{"line":164,"column":null}},"53":{"start":{"line":165,"column":33},"end":{"line":167,"column":null}},"54":{"start":{"line":165,"column":49},"end":{"line":167,"column":null}},"55":{"start":{"line":168,"column":26},"end":{"line":168,"column":null}},"56":{"start":{"line":171,"column":4},"end":{"line":171,"column":null}},"57":{"start":{"line":172,"column":19},"end":{"line":172,"column":null}},"58":{"start":{"line":174,"column":4},"end":{"line":177,"column":null}},"59":{"start":{"line":175,"column":6},"end":{"line":175,"column":null}},"60":{"start":{"line":176,"column":6},"end":{"line":176,"column":null}},"61":{"start":{"line":179,"column":4},"end":{"line":179,"column":null}},"62":{"start":{"line":180,"column":4},"end":{"line":180,"column":null}},"63":{"start":{"line":184,"column":19},"end":{"line":184,"column":null}},"64":{"start":{"line":186,"column":4},"end":{"line":188,"column":null}},"65":{"start":{"line":187,"column":6},"end":{"line":187,"column":null}},"66":{"start":{"line":190,"column":4},"end":{"line":190,"column":null}},"67":{"start":{"line":194,"column":4},"end":{"line":194,"column":null}},"68":{"start":{"line":195,"column":19},"end":{"line":195,"column":null}},"69":{"start":{"line":197,"column":4},"end":{"line":200,"column":null}},"70":{"start":{"line":198,"column":6},"end":{"line":198,"column":null}},"71":{"start":{"line":199,"column":6},"end":{"line":199,"column":null}},"72":{"start":{"line":202,"column":23},"end":{"line":202,"column":34}},"73":{"start":{"line":203,"column":4},"end":{"line":207,"column":null}},"74":{"start":{"line":203,"column":20},"end":{"line":207,"column":null}},"75":{"start":{"line":208,"column":4},"end":{"line":208,"column":null}}},"fnMap":{"0":{"name":"(anonymous_3)","decl":{"start":{"line":72,"column":4},"end":{"line":72,"column":5}},"loc":{"start":{"line":72,"column":19},"end":{"line":150,"column":null}}},"1":{"name":"(anonymous_4)","decl":{"start":{"line":79,"column":13},"end":{"line":79,"column":20}},"loc":{"start":{"line":79,"column":35},"end":{"line":99,"column":null}}},"2":{"name":"(anonymous_5)","decl":{"start":{"line":101,"column":16},"end":{"line":101,"column":23}},"loc":{"start":{"line":101,"column":74},"end":{"line":115,"column":null}}},"3":{"name":"(anonymous_6)","decl":{"start":{"line":117,"column":14},"end":{"line":117,"column":null}},"loc":{"start":{"line":117,"column":14},"end":{"line":124,"column":null}}},"4":{"name":"(anonymous_7)","decl":{"start":{"line":126,"column":16},"end":{"line":126,"column":null}},"loc":{"start":{"line":126,"column":16},"end":{"line":149,"column":null}}},"5":{"name":"(anonymous_8)","decl":{"start":{"line":153,"column":18},"end":{"line":153,"column":19}},"loc":{"start":{"line":153,"column":30},"end":{"line":153,"column":null}}},"6":{"name":"(anonymous_9)","decl":{"start":{"line":158,"column":58},"end":{"line":158,"column":59}},"loc":{"start":{"line":158,"column":73},"end":{"line":210,"column":null}}},"7":{"name":"(anonymous_10)","decl":{"start":{"line":163,"column":18},"end":{"line":163,"column":19}},"loc":{"start":{"line":163,"column":35},"end":{"line":163,"column":null}}},"8":{"name":"(anonymous_11)","decl":{"start":{"line":164,"column":24},"end":{"line":164,"column":25}},"loc":{"start":{"line":164,"column":40},"end":{"line":164,"column":null}}},"9":{"name":"(anonymous_12)","decl":{"start":{"line":165,"column":17},"end":{"line":165,"column":18}},"loc":{"start":{"line":165,"column":33},"end":{"line":167,"column":null}}},"10":{"name":"(anonymous_13)","decl":{"start":{"line":165,"column":37},"end":{"line":165,"column":38}},"loc":{"start":{"line":165,"column":49},"end":{"line":167,"column":null}}},"11":{"name":"(anonymous_14)","decl":{"start":{"line":168,"column":20},"end":{"line":168,"column":26}},"loc":{"start":{"line":168,"column":26},"end":{"line":168,"column":null}}},"12":{"name":"(anonymous_15)","decl":{"start":{"line":170,"column":16},"end":{"line":170,"column":null}},"loc":{"start":{"line":170,"column":16},"end":{"line":181,"column":null}}},"13":{"name":"(anonymous_16)","decl":{"start":{"line":183,"column":14},"end":{"line":183,"column":null}},"loc":{"start":{"line":183,"column":14},"end":{"line":191,"column":null}}},"14":{"name":"(anonymous_17)","decl":{"start":{"line":193,"column":11},"end":{"line":193,"column":18}},"loc":{"start":{"line":193,"column":30},"end":{"line":209,"column":null}}},"15":{"name":"(anonymous_18)","decl":{"start":{"line":203,"column":8},"end":{"line":203,"column":9}},"loc":{"start":{"line":203,"column":20},"end":{"line":207,"column":null}}}},"branchMap":{"0":{"loc":{"start":{"line":73,"column":12},"end":{"line":73,"column":null}},"type":"cond-expr","locations":[{"start":{"line":73,"column":28},"end":{"line":73,"column":49}},{"start":{"line":73,"column":49},"end":{"line":73,"column":null}}]},"1":{"loc":{"start":{"line":74,"column":13},"end":{"line":74,"column":null}},"type":"cond-expr","locations":[{"start":{"line":74,"column":29},"end":{"line":74,"column":44}},{"start":{"line":74,"column":44},"end":{"line":74,"column":null}}]},"2":{"loc":{"start":{"line":80,"column":8},"end":{"line":83,"column":null}},"type":"if","locations":[{"start":{"line":80,"column":8},"end":{"line":83,"column":null}}]},"3":{"loc":{"start":{"line":87,"column":8},"end":{"line":90,"column":null}},"type":"if","locations":[{"start":{"line":87,"column":8},"end":{"line":90,"column":null}}]},"4":{"loc":{"start":{"line":102,"column":8},"end":{"line":104,"column":null}},"type":"if","locations":[{"start":{"line":102,"column":8},"end":{"line":104,"column":null}}]},"5":{"loc":{"start":{"line":108,"column":8},"end":{"line":111,"column":null}},"type":"if","locations":[{"start":{"line":108,"column":8},"end":{"line":111,"column":null}}]},"6":{"loc":{"start":{"line":118,"column":8},"end":{"line":121,"column":null}},"type":"if","locations":[{"start":{"line":118,"column":8},"end":{"line":121,"column":null}}]},"7":{"loc":{"start":{"line":127,"column":8},"end":{"line":130,"column":null}},"type":"if","locations":[{"start":{"line":127,"column":8},"end":{"line":130,"column":null}}]},"8":{"loc":{"start":{"line":132,"column":8},"end":{"line":132,"column":null}},"type":"if","locations":[{"start":{"line":132,"column":8},"end":{"line":132,"column":null}}]},"9":{"loc":{"start":{"line":137,"column":8},"end":{"line":148,"column":null}},"type":"if","locations":[{"start":{"line":137,"column":8},"end":{"line":148,"column":null}},{"start":{"line":142,"column":15},"end":{"line":148,"column":null}}]},"10":{"loc":{"start":{"line":174,"column":4},"end":{"line":177,"column":null}},"type":"if","locations":[{"start":{"line":174,"column":4},"end":{"line":177,"column":null}}]},"11":{"loc":{"start":{"line":179,"column":23},"end":{"line":179,"column":53}},"type":"binary-expr","locations":[{"start":{"line":179,"column":23},"end":{"line":179,"column":51}},{"start":{"line":179,"column":51},"end":{"line":179,"column":53}}]},"12":{"loc":{"start":{"line":186,"column":4},"end":{"line":188,"column":null}},"type":"if","locations":[{"start":{"line":186,"column":4},"end":{"line":188,"column":null}}]},"13":{"loc":{"start":{"line":197,"column":4},"end":{"line":200,"column":null}},"type":"if","locations":[{"start":{"line":197,"column":4},"end":{"line":200,"column":null}}]}},"s":{"0":0,"1":0,"2":0,"3":0,"4":0,"5":0,"6":0,"7":0,"8":0,"9":0,"10":0,"11":0,"12":0,"13":0,"14":0,"15":0,"16":0,"17":0,"18":0,"19":0,"20":0,"21":0,"22":0,"23":0,"24":0,"25":0,"26":0,"27":0,"28":0,"29":0,"30":0,"31":0,"32":0,"33":0,"34":0,"35":0,"36":0,"37":0,"38":0,"39":0,"40":0,"41":0,"42":0,"43":0,"44":0,"45":0,"46":0,"47":0,"48":0,"49":0,"50":0,"51":0,"52":0,"53":0,"54":0,"55":0,"56":0,"57":0,"58":0,"59":0,"60":0,"61":0,"62":0,"63":0,"64":0,"65":0,"66":0,"67":0,"68":0,"69":0,"70":0,"71":0,"72":0,"73":0,"74":0,"75":0},"f":{"0":0,"1":0,"2":0,"3":0,"4":0,"5":0,"6":0,"7":0,"8":0,"9":0,"10":0,"11":0,"12":0,"13":0,"14":0,"15":0},"b":{"0":[0,0],"1":[0,0],"2":[0],"3":[0],"4":[0],"5":[0],"6":[0],"7":[0],"8":[0],"9":[0,0],"10":[0],"11":[0,0],"12":[0],"13":[0]}}
,"C:\\Users\\LENOVO\\.vscode\\project\\bank_vit_project\\frontend\\src\\lib\\utils.ts": {"path":"C:\\Users\\LENOVO\\.vscode\\project\\bank_vit_project\\frontend\\src\\lib\\utils.ts","statementMap":{"0":{"start":{"line":4,"column":16},"end":{"line":4,"column":18}},"1":{"start":{"line":8,"column":16},"end":{"line":8,"column":26}},"2":{"start":{"line":52,"column":16},"end":{"line":52,"column":24}},"3":{"start":{"line":48,"column":16},"end":{"line":48,"column":32}},"4":{"start":{"line":33,"column":16},"end":{"line":33,"column":29}},"5":{"start":{"line":18,"column":16},"end":{"line":18,"column":28}},"6":{"start":{"line":1,"column":38},"end":{"line":1,"column":null}},"7":{"start":{"line":2,"column":24},"end":{"line":2,"column":null}},"8":{"start":{"line":5,"column":2},"end":{"line":5,"column":null}},"9":{"start":{"line":9,"column":2},"end":{"line":15,"column":null}},"10":{"start":{"line":19,"column":2},"end":{"line":30,"column":null}},"11":{"start":{"line":21,"column":6},"end":{"line":21,"column":null}},"12":{"start":{"line":23,"column":6},"end":{"line":23,"column":null}},"13":{"start":{"line":25,"column":6},"end":{"line":25,"column":null}},"14":{"start":{"line":27,"column":6},"end":{"line":27,"column":null}},"15":{"start":{"line":29,"column":6},"end":{"line":29,"column":null}},"16":{"start":{"line":34,"column":2},"end":{"line":45,"column":null}},"17":{"start":{"line":36,"column":6},"end":{"line":36,"column":null}},"18":{"start":{"line":38,"column":6},"end":{"line":38,"column":null}},"19":{"start":{"line":40,"column":6},"end":{"line":40,"column":null}},"20":{"start":{"line":42,"column":6},"end":{"line":42,"column":null}},"21":{"start":{"line":44,"column":6},"end":{"line":44,"column":null}},"22":{"start":{"line":49,"column":2},"end":{"line":49,"column":null}},"23":{"start":{"line":53,"column":2},"end":{"line":53,"column":null}}},"fnMap":{"0":{"name":"cn","decl":{"start":{"line":4,"column":16},"end":{"line":4,"column":18}},"loc":{"start":{"line":4,"column":42},"end":{"line":6,"column":null}}},"1":{"name":"formatDate","decl":{"start":{"line":8,"column":16},"end":{"line":8,"column":26}},"loc":{"start":{"line":8,"column":45},"end":{"line":16,"column":null}}},"2":{"name":"getRiskColor","decl":{"start":{"line":18,"column":16},"end":{"line":18,"column":28}},"loc":{"start":{"line":18,"column":46},"end":{"line":31,"column":null}}},"3":{"name":"getClassColor","decl":{"start":{"line":33,"column":16},"end":{"line":33,"column":29}},"loc":{"start":{"line":33,"column":47},"end":{"line":46,"column":null}}},"4":{"name":"formatPercentage","decl":{"start":{"line":48,"column":16},"end":{"line":48,"column":32}},"loc":{"start":{"line":48,"column":46},"end":{"line":50,"column":null}}},"5":{"name":"formatMs","decl":{"start":{"line":52,"column":16},"end":{"line":52,"column":24}},"loc":{"start":{"line":52,"column":35},"end":{"line":54,"column":null}}}},"branchMap":{"0":{"loc":{"start":{"line":19,"column":2},"end":{"line":30,"column":null}},"type":"switch","locations":[{"start":{"line":20,"column":4},"end":{"line":21,"column":null}},{"start":{"line":22,"column":4},"end":{"line":23,"column":null}},{"start":{"line":24,"column":4},"end":{"line":25,"column":null}},{"start":{"line":26,"column":4},"end":{"line":27,"column":null}},{"start":{"line":28,"column":4},"end":{"line":29,"column":null}}]},"1":{"loc":{"start":{"line":34,"column":2},"end":{"line":45,"column":null}},"type":"switch","locations":[{"start":{"line":35,"column":4},"end":{"line":36,"column":null}},{"start":{"line":37,"column":4},"end":{"line":38,"column":null}},{"start":{"line":39,"column":4},"end":{"line":40,"column":null}},{"start":{"line":41,"column":4},"end":{"line":42,"column":null}},{"start":{"line":43,"column":4},"end":{"line":44,"column":null}}]}},"s":{"0":3,"1":1,"2":0,"3":0,"4":3,"5":7,"6":1,"7":1,"8":3,"9":1,"10":7,"11":2,"12":1,"13":1,"14":2,"15":1,"16":3,"17":1,"18":1,"19":1,"20":0,"21":0,"22":0,"23":0},"f":{"0":3,"1":1,"2":7,"3":3,"4":0,"5":0},"b":{"0":[2,1,1,2,1],"1":[1,1,1,0,0]}}
}
