TN:
SF:src\app\layout.tsx
FN:13,RootLayout
FNF:1
FNH:0
FNDA:0,RootLayout
DA:2,0
DA:3,0
DA:4,0
DA:6,0
DA:8,0
DA:13,0
LF:6
LH:0
BRF:0
BRH:0
end_of_record
TN:
SF:src\app\page.tsx
FN:6,HomePage
FN:21,(anonymous_2)
FN:66,(anonymous_3)
FN:76,(anonymous_4)
FN:172,FeatureCard
FNF:5
FNH:0
FNDA:0,HomePage
FNDA:0,(anonymous_2)
FNDA:0,(anonymous_3)
FNDA:0,(anonymous_4)
FNDA:0,FeatureCard
DA:3,0
DA:4,0
DA:6,0
DA:7,0
DA:21,0
DA:66,0
DA:76,0
LF:7
LH:0
BRF:0
BRH:0
end_of_record
TN:
SF:src\app\analytics\page.tsx
FN:35,buildDailyTrend
FN:47,(anonymous_3)
FN:56,buildClassBreakdown
FN:61,(anonymous_5)
FN:64,buildModelPerformance
FN:74,(anonymous_7)
FN:83,buildRiskTimeline
FN:91,(anonymous_9)
FN:94,buildHourlyDistribution
FN:95,(anonymous_11)
FN:107,AnalyticsPage
FN:114,(anonymous_13)
FN:115,(anonymous_14)
FN:125,(anonymous_15)
FN:132,(anonymous_16)
FN:133,(anonymous_17)
FN:134,(anonymous_18)
FN:135,(anonymous_19)
FN:136,(anonymous_20)
FN:139,(anonymous_21)
FN:141,(anonymous_22)
FN:144,(anonymous_23)
FN:312,(anonymous_24)
FN:313,(anonymous_25)
FN:340,(anonymous_26)
FN:388,(anonymous_27)
FN:389,(anonymous_28)
FN:410,(anonymous_29)
FN:418,(anonymous_30)
FN:420,(anonymous_31)
FNF:30
FNH:0
FNDA:0,buildDailyTrend
FNDA:0,(anonymous_3)
FNDA:0,buildClassBreakdown
FNDA:0,(anonymous_5)
FNDA:0,buildModelPerformance
FNDA:0,(anonymous_7)
FNDA:0,buildRiskTimeline
FNDA:0,(anonymous_9)
FNDA:0,buildHourlyDistribution
FNDA:0,(anonymous_11)
FNDA:0,AnalyticsPage
FNDA:0,(anonymous_13)
FNDA:0,(anonymous_14)
FNDA:0,(anonymous_15)
FNDA:0,(anonymous_16)
FNDA:0,(anonymous_17)
FNDA:0,(anonymous_18)
FNDA:0,(anonymous_19)
FNDA:0,(anonymous_20)
FNDA:0,(anonymous_21)
FNDA:0,(anonymous_22)
FNDA:0,(anonymous_23)
FNDA:0,(anonymous_24)
FNDA:0,(anonymous_25)
FNDA:0,(anonymous_26)
FNDA:0,(anonymous_27)
FNDA:0,(anonymous_28)
FNDA:0,(anonymous_29)
FNDA:0,(anonymous_30)
FNDA:0,(anonymous_31)
DA:3,0
DA:4,0
DA:5,0
DA:10,0
DA:15,0
DA:16,0
DA:17,0
DA:18,0
DA:19,0
DA:20,0
DA:21,0
DA:27,0
DA:31,0
DA:36,0
DA:37,0
DA:38,0
DA:39,0
DA:40,0
DA:41,0
DA:42,0
DA:43,0
DA:44,0
DA:45,0
DA:47,0
DA:57,0
DA:58,0
DA:59,0
DA:61,0
DA:65,0
DA:66,0
DA:67,0
DA:68,0
DA:69,0
DA:70,0
DA:71,0
DA:72,0
DA:74,0
DA:84,0
DA:85,0
DA:86,0
DA:87,0
DA:88,0
DA:89,0
DA:91,0
DA:95,0
DA:96,0
DA:97,0
DA:98,0
DA:100,0
DA:107,0
DA:108,0
DA:109,0
DA:110,0
DA:111,0
DA:112,0
DA:114,0
DA:115,0
DA:116,0
DA:117,0
DA:118,0
DA:119,0
DA:120,0
DA:122,0
DA:125,0
DA:126,0
DA:127,0
DA:128,0
DA:132,0
DA:133,0
DA:134,0
DA:135,0
DA:136,0
DA:138,0
DA:139,0
DA:140,0
DA:141,0
DA:143,0
DA:144,0
DA:147,0
DA:312,0
DA:314,0
DA:341,0
DA:389,0
DA:390,0
DA:391,0
DA:410,0
DA:418,0
DA:421,0
LF:88
LH:0
BRDA:39,0,0,0
BRDA:39,0,1,0
BRDA:41,1,0,0
BRDA:41,1,1,0
BRDA:59,2,0,0
BRDA:59,2,1,0
BRDA:67,3,0,0
BRDA:67,3,1,0
BRDA:71,4,0,0
BRDA:87,5,0,0
BRDA:87,5,1,0
BRDA:88,6,0,0
BRDA:88,6,1,0
BRDA:116,7,0,0
BRDA:116,8,0,0
BRDA:116,8,1,0
BRDA:140,9,0,0
BRDA:140,9,1,0
BRDA:143,10,0,0
BRDA:143,10,1,0
BRDA:147,11,0,0
BRDA:172,12,0,0
BRDA:172,12,1,0
BRDA:205,13,0,0
BRDA:205,13,1,0
BRDA:258,14,0,0
BRDA:282,15,0,0
BRDA:309,16,0,0
BRDA:314,17,0,0
BRDA:314,17,1,0
BRDA:333,18,0,0
BRDA:341,19,0,0
BRDA:341,19,1,0
BRDA:364,20,0,0
BRDA:390,21,0,0
BRDA:390,21,1,0
BRDA:397,22,0,0
BRDA:397,22,1,0
BRDA:397,23,0,0
BRDA:397,23,1,0
BRDA:397,24,0,0
BRDA:397,24,1,0
BRDA:411,25,0,0
BRDA:427,26,0,0
BRDA:427,26,1,0
BRDA:448,27,0,0
BRDA:466,28,0,0
BRF:47
BRH:0
end_of_record
TN:
SF:src\app\dashboard\page.tsx
FN:45,buildTrendData
FN:48,(anonymous_3)
FN:58,(anonymous_4)
FN:61,DashboardPage
FN:71,(anonymous_6)
FN:75,(anonymous_7)
FN:78,(anonymous_8)
FN:107,(anonymous_9)
FN:117,(anonymous_10)
FN:119,(anonymous_11)
FN:121,(anonymous_12)
FN:124,(anonymous_13)
FN:126,(anonymous_14)
FN:258,(anonymous_15)
FN:260,(anonymous_16)
FN:387,(anonymous_17)
FNF:16
FNH:0
FNDA:0,buildTrendData
FNDA:0,(anonymous_3)
FNDA:0,(anonymous_4)
FNDA:0,DashboardPage
FNDA:0,(anonymous_6)
FNDA:0,(anonymous_7)
FNDA:0,(anonymous_8)
FNDA:0,(anonymous_9)
FNDA:0,(anonymous_10)
FNDA:0,(anonymous_11)
FNDA:0,(anonymous_12)
FNDA:0,(anonymous_13)
FNDA:0,(anonymous_14)
FNDA:0,(anonymous_15)
FNDA:0,(anonymous_16)
FNDA:0,(anonymous_17)
DA:3,0
DA:4,0
DA:5,0
DA:9,0
DA:13,0
DA:14,0
DA:15,0
DA:16,0
DA:17,0
DA:18,0
DA:30,0
DA:37,0
DA:46,0
DA:47,0
DA:48,0
DA:50,0
DA:51,0
DA:52,0
DA:53,0
DA:54,0
DA:55,0
DA:56,0
DA:58,0
DA:61,0
DA:62,0
DA:63,0
DA:64,0
DA:65,0
DA:67,0
DA:68,0
DA:69,0
DA:71,0
DA:72,0
DA:75,0
DA:76,0
DA:78,0
DA:79,0
DA:80,0
DA:81,0
DA:82,0
DA:85,0
DA:86,0
DA:89,0
DA:90,0
DA:91,0
DA:92,0
DA:95,0
DA:98,0
DA:100,0
DA:104,0
DA:107,0
DA:108,0
DA:109,0
DA:113,0
DA:117,0
DA:119,0
DA:120,0
DA:121,0
DA:124,0
DA:125,0
DA:126,0
DA:129,0
DA:133,0
DA:258,0
DA:261,0
DA:388,0
LF:66
LH:0
BRDA:52,0,0,0
BRDA:52,0,1,0
BRDA:54,1,0,0
BRDA:54,1,1,0
BRDA:76,2,0,0
BRDA:80,3,0,0
BRDA:80,4,0,0
BRDA:80,4,1,0
BRDA:91,5,0,0
BRDA:120,6,0,0
BRDA:125,7,0,0
BRDA:129,8,0,0
BRDA:129,8,1,0
BRDA:133,9,0,0
BRDA:133,10,0,0
BRDA:133,10,1,0
BRDA:157,11,0,0
BRDA:157,11,1,0
BRDA:177,12,0,0
BRDA:177,12,1,0
BRDA:187,13,0,0
BRDA:187,13,1,0
BRDA:197,14,0,0
BRDA:197,14,1,0
BRDA:207,15,0,0
BRDA:207,15,1,0
BRDA:214,16,0,0
BRDA:241,17,0,0
BRDA:261,18,0,0
BRDA:261,18,1,0
BRDA:272,19,0,0
BRDA:306,20,0,0
BRDA:306,20,1,0
BRDA:309,21,0,0
BRDA:309,21,1,0
BRDA:309,22,0,0
BRDA:309,22,1,0
BRDA:316,23,0,0
BRDA:316,23,1,0
BRDA:319,24,0,0
BRDA:319,24,1,0
BRDA:319,25,0,0
BRDA:319,25,1,0
BRDA:326,26,0,0
BRDA:326,26,1,0
BRDA:329,27,0,0
BRDA:329,27,1,0
BRDA:329,28,0,0
BRDA:329,28,1,0
BRDA:336,29,0,0
BRDA:336,29,1,0
BRDA:339,30,0,0
BRDA:339,30,1,0
BRDA:339,31,0,0
BRDA:339,31,1,0
BRDA:376,32,0,0
BRDA:394,33,0,0
BRDA:394,33,1,0
BRDA:395,34,0,0
BRDA:395,34,1,0
BRDA:396,35,0,0
BRDA:396,35,1,0
BRDA:400,36,0,0
BRF:63
BRH:0
end_of_record
TN:
SF:src\app\demo\page.tsx
FN:10,DemoPage
FN:15,(anonymous_3)
FN:20,(anonymous_4)
FN:21,(anonymous_5)
FN:33,(anonymous_6)
FNF:5
FNH:0
FNDA:0,DemoPage
FNDA:0,(anonymous_3)
FNDA:0,(anonymous_4)
FNDA:0,(anonymous_5)
FNDA:0,(anonymous_6)
DA:3,0
DA:4,0
DA:5,0
DA:6,0
DA:7,0
DA:8,0
DA:10,0
DA:11,0
DA:12,0
DA:13,0
DA:15,0
DA:16,0
DA:17,0
DA:18,0
DA:20,0
DA:21,0
DA:22,0
DA:23,0
DA:24,0
DA:25,0
DA:26,0
DA:28,0
DA:33,0
DA:34,0
DA:35,0
LF:25
LH:0
BRDA:22,0,0,0
BRDA:76,1,0,0
BRDA:76,1,1,0
BRDA:80,2,0,0
BRDA:80,2,1,0
BRDA:89,3,0,0
BRDA:96,4,0,0
BRDA:96,4,1,0
BRDA:111,5,0,0
BRDA:111,5,1,0
BRDA:119,6,0,0
BRDA:119,6,1,0
BRDA:127,7,0,0
BRDA:131,8,0,0
BRF:14
BRH:0
end_of_record
TN:
SF:src\app\graph\page.tsx
FN:34,GraphPage
FN:42,(anonymous_3)
FN:48,(anonymous_4)
FN:53,(anonymous_5)
FN:109,(anonymous_6)
FN:150,(anonymous_7)
FN:150,(anonymous_8)
FN:153,(anonymous_9)
FN:153,(anonymous_10)
FN:156,(anonymous_11)
FN:176,(anonymous_12)
FN:177,(anonymous_13)
FN:178,(anonymous_14)
FN:193,(anonymous_15)
FNF:14
FNH:0
FNDA:0,GraphPage
FNDA:0,(anonymous_3)
FNDA:0,(anonymous_4)
FNDA:0,(anonymous_5)
FNDA:0,(anonymous_6)
FNDA:0,(anonymous_7)
FNDA:0,(anonymous_8)
FNDA:0,(anonymous_9)
FNDA:0,(anonymous_10)
FNDA:0,(anonymous_11)
FNDA:0,(anonymous_12)
FNDA:0,(anonymous_13)
FNDA:0,(anonymous_14)
FNDA:0,(anonymous_15)
DA:3,0
DA:4,0
DA:5,0
DA:6,0
DA:7,0
DA:8,0
DA:9,0
DA:10,0
DA:11,0
DA:14,0
DA:24,0
DA:34,0
DA:35,0
DA:36,0
DA:37,0
DA:39,0
DA:40,0
DA:42,0
DA:43,0
DA:44,0
DA:48,0
DA:49,0
DA:50,0
DA:53,0
DA:54,0
DA:55,0
DA:56,0
DA:57,0
DA:58,0
DA:59,0
DA:109,0
DA:150,0
DA:153,0
DA:156,0
DA:177,0
DA:178,0
DA:179,0
DA:180,0
DA:194,0
LF:39
LH:0
BRDA:43,0,0,0
BRDA:43,1,0,0
BRDA:43,1,1,0
BRDA:54,2,0,0
BRDA:54,2,1,0
BRDA:54,2,2,0
BRDA:54,2,3,0
BRDA:54,2,4,0
BRDA:83,3,0,0
BRDA:83,3,1,0
BRDA:179,4,0,0
BRDA:179,5,0,0
BRDA:179,5,1,0
BRDA:199,6,0,0
BRDA:199,6,1,0
BRDA:201,7,0,0
BRF:16
BRH:0
end_of_record
TN:
SF:src\app\history\page.tsx
FN:17,HistoryPage
FN:27,(anonymous_3)
FN:36,(anonymous_4)
FN:41,(anonymous_5)
FN:61,(anonymous_6)
FN:72,(anonymous_7)
FN:121,(anonymous_8)
FN:130,(anonymous_9)
FN:170,(anonymous_10)
FN:205,(anonymous_11)
FN:221,(anonymous_12)
FN:221,(anonymous_13)
FN:232,(anonymous_14)
FN:232,(anonymous_15)
FNF:14
FNH:0
FNDA:0,HistoryPage
FNDA:0,(anonymous_3)
FNDA:0,(anonymous_4)
FNDA:0,(anonymous_5)
FNDA:0,(anonymous_6)
FNDA:0,(anonymous_7)
FNDA:0,(anonymous_8)
FNDA:0,(anonymous_9)
FNDA:0,(anonymous_10)
FNDA:0,(anonymous_11)
FNDA:0,(anonymous_12)
FNDA:0,(anonymous_13)
FNDA:0,(anonymous_14)
FNDA:0,(anonymous_15)
DA:3,0
DA:4,0
DA:5,0
DA:10,0
DA:11,0
DA:12,0
DA:13,0
DA:14,0
DA:15,0
DA:17,0
DA:18,0
DA:19,0
DA:20,0
DA:21,0
DA:23,0
DA:24,0
DA:25,0
DA:27,0
DA:28,0
DA:29,0
DA:30,0
DA:33,0
DA:36,0
DA:37,0
DA:38,0
DA:41,0
DA:42,0
DA:44,0
DA:45,0
DA:46,0
DA:47,0
DA:52,0
DA:60,0
DA:61,0
DA:64,0
DA:65,0
DA:70,0
DA:72,0
DA:73,0
DA:122,0
DA:131,0
DA:132,0
DA:171,0
DA:205,0
DA:221,0
DA:232,0
LF:46
LH:0
BRDA:28,0,0,0
BRDA:28,1,0,0
BRDA:28,1,1,0
BRDA:42,2,0,0
BRDA:60,3,0,0
BRDA:60,3,1,0
BRDA:97,4,0,0
BRDA:97,4,1,0
BRDA:125,5,0,0
BRDA:125,5,1,0
BRDA:125,6,0,0
BRDA:125,6,1,0
BRDA:125,6,2,0
BRDA:131,7,0,0
BRDA:131,7,1,0
BRDA:154,8,0,0
BRDA:158,9,0,0
BRDA:177,10,0,0
BRDA:177,10,1,0
BRDA:178,11,0,0
BRDA:178,11,1,0
BRDA:179,12,0,0
BRDA:179,12,1,0
BRDA:183,13,0,0
BRDA:216,14,0,0
BRF:25
BRH:0
end_of_record
TN:
SF:src\app\login\page.tsx
FN:14,LoginPage
FN:22,(anonymous_3)
FN:80,(anonymous_4)
FN:99,(anonymous_5)
FNF:4
FNH:0
FNDA:0,LoginPage
FNDA:0,(anonymous_3)
FNDA:0,(anonymous_4)
FNDA:0,(anonymous_5)
DA:3,0
DA:4,0
DA:5,0
DA:6,0
DA:7,0
DA:8,0
DA:9,0
DA:10,0
DA:11,0
DA:12,0
DA:14,0
DA:15,0
DA:16,0
DA:17,0
DA:19,0
DA:20,0
DA:22,0
DA:23,0
DA:25,0
DA:26,0
DA:31,0
DA:34,0
DA:36,0
DA:37,0
DA:41,0
DA:43,0
DA:80,0
DA:99,0
LF:28
LH:0
BRDA:25,0,0,0
BRDA:25,1,0,0
BRDA:25,1,1,0
BRDA:36,2,0,0
BRDA:36,2,1,0
BRDA:45,3,0,0
BRDA:45,3,1,0
BRDA:112,4,0,0
BRF:8
BRH:0
end_of_record
TN:
SF:src\app\model-comparison\page.tsx
FN:45,(anonymous_2)
FN:73,ModelComparisonPage
FN:80,(anonymous_4)
FN:81,(anonymous_5)
FN:93,(anonymous_6)
FN:169,(anonymous_7)
FN:213,(anonymous_8)
FN:214,(anonymous_9)
FN:215,(anonymous_10)
FN:216,(anonymous_11)
FN:287,(anonymous_12)
FN:304,(anonymous_13)
FN:336,(anonymous_14)
FNF:13
FNH:0
FNDA:0,(anonymous_2)
FNDA:0,ModelComparisonPage
FNDA:0,(anonymous_4)
FNDA:0,(anonymous_5)
FNDA:0,(anonymous_6)
FNDA:0,(anonymous_7)
FNDA:0,(anonymous_8)
FNDA:0,(anonymous_9)
FNDA:0,(anonymous_10)
FNDA:0,(anonymous_11)
FNDA:0,(anonymous_12)
FNDA:0,(anonymous_13)
FNDA:0,(anonymous_14)
DA:3,0
DA:4,0
DA:5,0
DA:10,0
DA:14,0
DA:15,0
DA:16,0
DA:17,0
DA:19,0
DA:20,0
DA:21,0
DA:38,0
DA:45,0
DA:53,0
DA:61,0
DA:73,0
DA:74,0
DA:75,0
DA:76,0
DA:77,0
DA:78,0
DA:80,0
DA:81,0
DA:82,0
DA:83,0
DA:84,0
DA:85,0
DA:86,0
DA:88,0
DA:90,0
DA:93,0
DA:94,0
DA:95,0
DA:96,0
DA:99,0
DA:170,0
DA:213,0
DA:214,0
DA:215,0
DA:216,0
DA:288,0
DA:305,0
DA:337,0
LF:43
LH:0
BRDA:82,0,0,0
BRDA:82,1,0,0
BRDA:82,1,1,0
BRDA:86,2,0,0
BRDA:99,3,0,0
BRDA:124,4,0,0
BRDA:124,4,1,0
BRDA:170,5,0,0
BRDA:170,5,1,0
BRDA:171,6,0,0
BRDA:280,7,0,0
BRDA:292,8,0,0
BRF:12
BRH:0
end_of_record
TN:
SF:src\app\monitoring\page.tsx
FN:80,MonitoringPage
FN:91,(anonymous_3)
FN:115,(anonymous_4)
FN:119,(anonymous_5)
FN:122,(anonymous_6)
FN:127,(anonymous_7)
FN:137,(anonymous_8)
FN:143,(anonymous_9)
FN:144,(anonymous_10)
FN:151,(anonymous_11)
FN:152,(anonymous_12)
FN:159,(anonymous_13)
FN:168,(anonymous_14)
FN:177,(anonymous_15)
FN:493,(anonymous_16)
FN:534,(anonymous_17)
FN:569,(anonymous_18)
FNF:17
FNH:0
FNDA:0,MonitoringPage
FNDA:0,(anonymous_3)
FNDA:0,(anonymous_4)
FNDA:0,(anonymous_5)
FNDA:0,(anonymous_6)
FNDA:0,(anonymous_7)
FNDA:0,(anonymous_8)
FNDA:0,(anonymous_9)
FNDA:0,(anonymous_10)
FNDA:0,(anonymous_11)
FNDA:0,(anonymous_12)
FNDA:0,(anonymous_13)
FNDA:0,(anonymous_14)
FNDA:0,(anonymous_15)
FNDA:0,(anonymous_16)
FNDA:0,(anonymous_17)
FNDA:0,(anonymous_18)
DA:3,0
DA:4,0
DA:5,0
DA:11,0
DA:15,0
DA:16,0
DA:17,0
DA:18,0
DA:19,0
DA:20,0
DA:21,0
DA:22,0
DA:23,0
DA:80,0
DA:81,0
DA:82,0
DA:83,0
DA:85,0
DA:86,0
DA:87,0
DA:88,0
DA:89,0
DA:91,0
DA:92,0
DA:93,0
DA:99,0
DA:100,0
DA:101,0
DA:103,0
DA:104,0
DA:110,0
DA:111,0
DA:115,0
DA:116,0
DA:118,0
DA:119,0
DA:122,0
DA:123,0
DA:124,0
DA:127,0
DA:128,0
DA:129,0
DA:130,0
DA:131,0
DA:133,0
DA:137,0
DA:138,0
DA:139,0
DA:143,0
DA:144,0
DA:151,0
DA:152,0
DA:159,0
DA:160,0
DA:161,0
DA:162,0
DA:163,0
DA:164,0
DA:168,0
DA:169,0
DA:177,0
DA:178,0
DA:179,0
DA:180,0
DA:181,0
DA:494,0
DA:535,0
DA:570,0
LF:68
LH:0
BRDA:160,0,0,0
BRDA:160,0,1,0
BRDA:160,0,2,0
BRDA:160,0,3,0
BRDA:178,1,0,0
BRDA:178,1,1,0
BRDA:178,1,2,0
BRDA:229,2,0,0
BRDA:246,3,0,0
BRDA:246,3,1,0
BRDA:249,4,0,0
BRDA:249,4,1,0
BRDA:264,5,0,0
BRDA:280,6,0,0
BRDA:280,6,1,0
BRDA:295,7,0,0
BRDA:295,7,1,0
BRDA:300,8,0,0
BRDA:300,8,1,0
BRDA:315,9,0,0
BRDA:315,9,1,0
BRDA:315,10,0,0
BRDA:315,10,1,0
BRDA:317,11,0,0
BRDA:317,11,1,0
BRDA:322,12,0,0
BRDA:322,12,1,0
BRDA:322,13,0,0
BRDA:322,13,1,0
BRDA:336,14,0,0
BRDA:336,14,1,0
BRDA:338,15,0,0
BRDA:338,15,1,0
BRDA:341,16,0,0
BRDA:341,16,1,0
BRDA:355,17,0,0
BRDA:355,17,1,0
BRDA:445,18,0,0
BRDA:445,18,1,0
BRDA:453,19,0,0
BRDA:453,19,1,0
BRDA:461,20,0,0
BRDA:461,20,1,0
BRDA:469,21,0,0
BRDA:469,21,1,0
BRDA:492,22,0,0
BRDA:491,23,0,0
BRDA:491,23,1,0
BRDA:503,24,0,0
BRDA:503,24,1,0
BRDA:527,25,0,0
BRDA:527,25,1,0
BRDA:569,26,0,0
BRDA:582,27,0,0
BRDA:582,27,1,0
BRF:55
BRH:0
end_of_record
TN:
SF:src\app\predict\page.tsx
FN:45,PredictPage
FN:62,(anonymous_3)
FN:68,(anonymous_4)
FN:83,(anonymous_5)
FN:88,(anonymous_6)
FN:100,(anonymous_7)
FN:106,(anonymous_8)
FN:112,(anonymous_9)
FN:120,(anonymous_10)
FN:125,(anonymous_11)
FN:129,(anonymous_12)
FN:134,(anonymous_13)
FN:142,(anonymous_14)
FN:163,(anonymous_15)
FN:169,(anonymous_16)
FN:242,(anonymous_17)
FN:252,(anonymous_18)
FN:344,(anonymous_19)
FN:347,(anonymous_20)
FN:444,(anonymous_21)
FN:470,(anonymous_22)
FNF:21
FNH:0
FNDA:0,PredictPage
FNDA:0,(anonymous_3)
FNDA:0,(anonymous_4)
FNDA:0,(anonymous_5)
FNDA:0,(anonymous_6)
FNDA:0,(anonymous_7)
FNDA:0,(anonymous_8)
FNDA:0,(anonymous_9)
FNDA:0,(anonymous_10)
FNDA:0,(anonymous_11)
FNDA:0,(anonymous_12)
FNDA:0,(anonymous_13)
FNDA:0,(anonymous_14)
FNDA:0,(anonymous_15)
FNDA:0,(anonymous_16)
FNDA:0,(anonymous_17)
FNDA:0,(anonymous_18)
FNDA:0,(anonymous_19)
FNDA:0,(anonymous_20)
FNDA:0,(anonymous_21)
FNDA:0,(anonymous_22)
DA:3,0
DA:4,0
DA:5,0
DA:20,0
DA:21,0
DA:22,0
DA:23,0
DA:24,0
DA:25,0
DA:26,0
DA:27,0
DA:28,0
DA:38,0
DA:45,0
DA:46,0
DA:47,0
DA:48,0
DA:49,0
DA:51,0
DA:52,0
DA:53,0
DA:54,0
DA:55,0
DA:56,0
DA:57,0
DA:58,0
DA:62,0
DA:63,0
DA:64,0
DA:68,0
DA:69,0
DA:70,0
DA:75,0
DA:78,0
DA:79,0
DA:80,0
DA:82,0
DA:83,0
DA:84,0
DA:86,0
DA:88,0
DA:89,0
DA:90,0
DA:91,0
DA:100,0
DA:101,0
DA:102,0
DA:103,0
DA:105,0
DA:106,0
DA:107,0
DA:109,0
DA:112,0
DA:113,0
DA:114,0
DA:116,0
DA:117,0
DA:120,0
DA:121,0
DA:122,0
DA:125,0
DA:126,0
DA:129,0
DA:130,0
DA:131,0
DA:134,0
DA:135,0
DA:137,0
DA:139,0
DA:140,0
DA:141,0
DA:142,0
DA:143,0
DA:148,0
DA:150,0
DA:155,0
DA:163,0
DA:164,0
DA:165,0
DA:166,0
DA:169,0
DA:170,0
DA:171,0
DA:174,0
DA:181,0
DA:182,0
DA:242,0
DA:252,0
DA:345,0
DA:347,0
DA:445,0
DA:471,0
DA:472,0
LF:93
LH:0
BRDA:63,0,0,0
BRDA:63,1,0,0
BRDA:63,1,1,0
BRDA:69,2,0,0
BRDA:90,3,0,0
BRDA:93,4,0,0
BRDA:93,4,1,0
BRDA:117,5,0,0
BRDA:131,6,0,0
BRDA:135,7,0,0
BRDA:139,8,0,0
BRDA:139,8,1,0
BRDA:157,9,0,0
BRDA:157,9,1,0
BRDA:181,10,0,0
BRDA:181,10,1,0
BRDA:204,11,0,0
BRDA:204,11,1,0
BRDA:244,12,0,0
BRDA:244,12,1,0
BRDA:254,13,0,0
BRDA:254,13,1,0
BRDA:268,14,0,0
BRDA:272,15,0,0
BRDA:274,16,0,0
BRDA:274,16,1,0
BRDA:305,17,0,0
BRDA:305,17,1,0
BRDA:308,18,0,0
BRDA:308,18,1,0
BRDA:314,19,0,0
BRDA:319,20,0,0
BRDA:319,20,1,0
BRDA:320,21,0,0
BRDA:320,21,1,0
BRDA:321,22,0,0
BRDA:321,22,1,0
BRDA:349,23,0,0
BRDA:349,23,1,0
BRDA:362,24,0,0
BRDA:362,24,1,0
BRDA:366,25,0,0
BRDA:372,26,0,0
BRDA:372,26,1,0
BRDA:383,27,0,0
BRDA:383,27,1,0
BRDA:388,28,0,0
BRDA:407,29,0,0
BRDA:416,30,0,0
BRDA:416,30,1,0
BRDA:424,31,0,0
BRDA:454,32,0,0
BRDA:466,33,0,0
BRF:53
BRH:0
end_of_record
TN:
SF:src\app\register\page.tsx
FN:14,RegisterPage
FN:24,(anonymous_3)
FN:98,(anonymous_4)
FN:112,(anonymous_5)
FN:126,(anonymous_6)
FN:140,(anonymous_7)
FNF:6
FNH:0
FNDA:0,RegisterPage
FNDA:0,(anonymous_3)
FNDA:0,(anonymous_4)
FNDA:0,(anonymous_5)
FNDA:0,(anonymous_6)
FNDA:0,(anonymous_7)
DA:3,0
DA:4,0
DA:5,0
DA:6,0
DA:7,0
DA:8,0
DA:9,0
DA:10,0
DA:11,0
DA:12,0
DA:14,0
DA:15,0
DA:16,0
DA:17,0
DA:19,0
DA:20,0
DA:21,0
DA:22,0
DA:24,0
DA:25,0
DA:27,0
DA:28,0
DA:33,0
DA:36,0
DA:37,0
DA:42,0
DA:45,0
DA:47,0
DA:48,0
DA:54,0
DA:55,0
DA:56,0
DA:58,0
DA:61,0
DA:98,0
DA:112,0
DA:126,0
DA:140,0
LF:38
LH:0
BRDA:27,0,0,0
BRDA:27,1,0,0
BRDA:27,1,1,0
BRDA:27,1,2,0
BRDA:27,1,3,0
BRDA:36,2,0,0
BRDA:47,3,0,0
BRDA:47,3,1,0
BRDA:55,4,0,0
BRDA:55,4,1,0
BRDA:63,5,0,0
BRDA:63,5,1,0
BRDA:153,6,0,0
BRF:13
BRH:0
end_of_record
TN:
SF:src\app\settings\page.tsx
FN:23,Toggle
FN:29,(anonymous_3)
FN:42,SettingsPage
FN:62,(anonymous_5)
FN:63,(anonymous_6)
FN:71,(anonymous_7)
FN:78,(anonymous_8)
FN:84,(anonymous_9)
FN:88,(anonymous_10)
FN:97,(anonymous_11)
FN:104,(anonymous_12)
FN:179,(anonymous_13)
FN:183,(anonymous_14)
FN:216,(anonymous_15)
FN:232,(anonymous_16)
FN:253,(anonymous_17)
FNF:16
FNH:0
FNDA:0,Toggle
FNDA:0,(anonymous_3)
FNDA:0,SettingsPage
FNDA:0,(anonymous_5)
FNDA:0,(anonymous_6)
FNDA:0,(anonymous_7)
FNDA:0,(anonymous_8)
FNDA:0,(anonymous_9)
FNDA:0,(anonymous_10)
FNDA:0,(anonymous_11)
FNDA:0,(anonymous_12)
FNDA:0,(anonymous_13)
FNDA:0,(anonymous_14)
FNDA:0,(anonymous_15)
FNDA:0,(anonymous_16)
FNDA:0,(anonymous_17)
DA:3,0
DA:4,0
DA:5,0
DA:10,0
DA:11,0
DA:12,0
DA:13,0
DA:14,0
DA:15,0
DA:16,0
DA:17,0
DA:29,0
DA:42,0
DA:43,0
DA:44,0
DA:45,0
DA:46,0
DA:49,0
DA:50,0
DA:53,0
DA:54,0
DA:55,0
DA:56,0
DA:57,0
DA:60,0
DA:62,0
DA:63,0
DA:64,0
DA:65,0
DA:66,0
DA:68,0
DA:71,0
DA:72,0
DA:73,0
DA:74,0
DA:78,0
DA:79,0
DA:80,0
DA:81,0
DA:84,0
DA:85,0
DA:88,0
DA:89,0
DA:90,0
DA:94,0
DA:97,0
DA:98,0
DA:99,0
DA:101,0
DA:104,0
DA:105,0
DA:106,0
DA:108,0
DA:111,0
DA:179,0
DA:183,0
DA:216,0
DA:232,0
DA:253,0
LF:59
LH:0
BRDA:30,0,0,0
BRDA:30,0,1,0
BRDA:32,1,0,0
BRDA:32,1,1,0
BRDA:64,2,0,0
BRDA:64,3,0,0
BRDA:64,3,1,0
BRDA:72,4,0,0
BRDA:73,5,0,0
BRDA:73,5,1,0
BRDA:74,6,0,0
BRDA:74,6,1,0
BRDA:89,7,0,0
BRDA:98,8,0,0
BRDA:105,9,0,0
BRDA:111,10,0,0
BRDA:136,11,0,0
BRDA:136,11,1,0
BRDA:169,12,0,0
BRDA:169,12,1,0
BRDA:174,13,0,0
BRDA:174,13,1,0
BRDA:263,14,0,0
BRDA:263,14,1,0
BRDA:265,15,0,0
BRDA:265,15,1,0
BRF:26
BRH:0
end_of_record
TN:
SF:src\components\SmartScanner.tsx
FN:24,SmartScanner
FN:41,(anonymous_2)
FN:72,(anonymous_3)
FN:74,(anonymous_4)
FN:79,(anonymous_5)
FN:80,(anonymous_6)
FN:87,(anonymous_7)
FN:97,(anonymous_8)
FN:106,(anonymous_9)
FN:121,(anonymous_10)
FN:129,(anonymous_11)
FN:140,(anonymous_12)
FN:155,(anonymous_13)
FN:166,(anonymous_14)
FN:169,(anonymous_15)
FN:179,(anonymous_16)
FN:187,(anonymous_17)
FN:189,(anonymous_18)
FN:192,(anonymous_19)
FN:198,(anonymous_20)
FN:247,(anonymous_21)
FNF:21
FNH:0
FNDA:0,SmartScanner
FNDA:0,(anonymous_2)
FNDA:0,(anonymous_3)
FNDA:0,(anonymous_4)
FNDA:0,(anonymous_5)
FNDA:0,(anonymous_6)
FNDA:0,(anonymous_7)
FNDA:0,(anonymous_8)
FNDA:0,(anonymous_9)
FNDA:0,(anonymous_10)
FNDA:0,(anonymous_11)
FNDA:0,(anonymous_12)
FNDA:0,(anonymous_13)
FNDA:0,(anonymous_14)
FNDA:0,(anonymous_15)
FNDA:0,(anonymous_16)
FNDA:0,(anonymous_17)
FNDA:0,(anonymous_18)
FNDA:0,(anonymous_19)
FNDA:0,(anonymous_20)
FNDA:0,(anonymous_21)
DA:3,0
DA:7,0
DA:8,0
DA:9,0
DA:10,0
DA:15,0
DA:24,0
DA:25,0
DA:26,0
DA:27,0
DA:28,0
DA:30,0
DA:31,0
DA:32,0
DA:33,0
DA:34,0
DA:35,0
DA:41,0
DA:42,0
DA:43,0
DA:45,0
DA:46,0
DA:49,0
DA:52,0
DA:53,0
DA:54,0
DA:55,0
DA:57,0
DA:59,0
DA:60,0
DA:61,0
DA:62,0
DA:63,0
DA:64,0
DA:65,0
DA:67,0
DA:72,0
DA:73,0
DA:74,0
DA:75,0
DA:76,0
DA:79,0
DA:80,0
DA:87,0
DA:88,0
DA:90,0
DA:91,0
DA:92,0
DA:94,0
DA:95,0
DA:97,0
DA:98,0
DA:100,0
DA:101,0
DA:102,0
DA:103,0
DA:104,0
DA:106,0
DA:107,0
DA:109,0
DA:110,0
DA:111,0
DA:115,0
DA:118,0
DA:121,0
DA:122,0
DA:129,0
DA:130,0
DA:131,0
DA:133,0
DA:134,0
DA:135,0
DA:136,0
DA:137,0
DA:138,0
DA:140,0
DA:141,0
DA:144,0
DA:145,0
DA:146,0
DA:150,0
DA:151,0
DA:154,0
DA:155,0
DA:156,0
DA:158,0
DA:159,0
DA:160,0
DA:164,0
DA:166,0
DA:167,0
DA:168,0
DA:169,0
DA:170,0
DA:174,0
DA:175,0
DA:176,0
DA:179,0
DA:180,0
DA:187,0
DA:188,0
DA:189,0
DA:192,0
DA:193,0
DA:198,0
DA:199,0
DA:200,0
DA:248,0
LF:108
LH:0
BRDA:24,0,0,0
BRDA:45,1,0,0
BRDA:45,2,0,0
BRDA:45,2,1,0
BRDA:53,3,0,0
BRDA:60,4,0,0
BRDA:60,4,1,0
BRDA:62,5,0,0
BRDA:62,5,1,0
BRDA:64,6,0,0
BRDA:64,6,1,0
BRDA:67,7,0,0
BRDA:67,7,1,0
BRDA:88,8,0,0
BRDA:88,9,0,0
BRDA:88,9,1,0
BRDA:98,10,0,0
BRDA:100,11,0,0
BRDA:109,12,0,0
BRDA:122,13,0,0
BRDA:130,14,0,0
BRDA:144,15,0,0
BRDA:167,16,0,0
BRDA:167,16,1,0
BRDA:167,17,0,0
BRDA:167,17,1,0
BRDA:167,17,2,0
BRDA:168,18,0,0
BRDA:174,19,0,0
BRDA:180,20,0,0
BRDA:189,21,0,0
BRDA:189,21,1,0
BRDA:193,22,0,0
BRDA:193,23,0,0
BRDA:193,23,1,0
BRDA:217,24,0,0
BRDA:228,25,0,0
BRDA:233,26,0,0
BRDA:233,26,1,0
BRDA:240,27,0,0
BRDA:240,27,1,0
BRDA:242,28,0,0
BRDA:242,28,1,0
BRDA:249,29,0,0
BRDA:250,30,0,0
BRDA:251,31,0,0
BRDA:260,32,0,0
BRDA:263,33,0,0
BRDA:263,33,1,0
BRDA:270,34,0,0
BRDA:270,34,1,0
BRDA:275,35,0,0
BRDA:275,35,1,0
BRDA:284,36,0,0
BRDA:298,37,0,0
BRF:55
BRH:0
end_of_record
TN:
SF:src\components\ui\badge.tsx
FN:30,Badge
FNF:1
FNH:0
FNDA:0,Badge
DA:1,0
DA:2,0
DA:4,0
DA:6,0
DA:36,0
LF:5
LH:0
BRF:0
BRH:0
end_of_record
TN:
SF:src\components\ui\button.tsx
FN:39,(anonymous_6)
FNF:1
FNH:0
FNDA:0,(anonymous_6)
DA:1,0
DA:2,0
DA:3,0
DA:4,0
DA:6,0
DA:38,0
DA:40,0
DA:50,0
DA:52,0
LF:9
LH:0
BRDA:39,0,0,0
BRDA:40,1,0,0
BRDA:40,1,1,0
BRF:3
BRH:0
end_of_record
TN:
SF:src\components\ui\card.tsx
FNF:0
FNH:0
DA:1,0
DA:2,0
DA:17,0
DA:29,0
DA:44,0
DA:56,0
DA:64,0
DA:76,0
DA:78,0
LF:9
LH:0
BRF:0
BRH:0
end_of_record
TN:
SF:src\components\ui\dropdown-menu.tsx
FN:162,(anonymous_27)
FNF:1
FNH:0
FNDA:0,(anonymous_27)
DA:3,0
DA:4,0
DA:5,0
DA:6,0
DA:8,0
DA:9,0
DA:10,0
DA:11,0
DA:12,0
DA:13,0
DA:34,0
DA:49,0
DA:67,0
DA:85,0
DA:108,0
DA:130,0
DA:148,0
DA:160,0
DA:162,0
DA:173,0
DA:176,0
DA:177,0
DA:178,0
DA:179,0
DA:180,0
DA:181,0
DA:182,0
DA:183,0
DA:184,0
DA:185,0
DA:186,0
DA:187,0
DA:188,0
DA:189,0
DA:190,0
LF:35
LH:0
BRDA:25,0,0,0
BRDA:25,0,1,0
BRDA:54,1,0,0
BRDA:79,2,0,0
BRDA:79,2,1,0
BRDA:142,3,0,0
BRDA:142,3,1,0
BRF:7
BRH:0
end_of_record
TN:
SF:src\components\ui\input.tsx
FN:8,(anonymous_4)
FNF:1
FNH:0
FNDA:0,(anonymous_4)
DA:1,0
DA:2,0
DA:7,0
DA:22,0
DA:24,0
LF:5
LH:0
BRF:0
BRH:0
end_of_record
TN:
SF:src\components\ui\label.tsx
FNF:0
FNH:0
DA:3,0
DA:4,0
DA:5,0
DA:6,0
DA:8,0
DA:23,0
DA:25,0
LF:7
LH:0
BRF:0
BRH:0
end_of_record
TN:
SF:src\components\ui\progress.tsx
FNF:0
FNH:0
DA:3,0
DA:4,0
DA:5,0
DA:25,0
DA:27,0
LF:5
LH:0
BRDA:21,0,0,0
BRDA:21,0,1,0
BRF:2
BRH:0
end_of_record
TN:
SF:src\components\ui\tabs.tsx
FNF:0
FNH:0
DA:3,0
DA:4,0
DA:5,0
DA:7,0
DA:22,0
DA:37,0
DA:52,0
DA:54,0
LF:8
LH:0
BRF:0
BRH:0
end_of_record
TN:
SF:src\components\ui\toast.tsx
FN:47,(anonymous_12)
FNF:1
FNH:0
FNDA:0,(anonymous_12)
DA:3,0
DA:4,0
DA:5,0
DA:6,0
DA:7,0
DA:9,0
DA:24,0
DA:26,0
DA:43,0
DA:56,0
DA:71,0
DA:89,0
DA:101,0
DA:113,0
DA:122,0
DA:123,0
DA:124,0
DA:125,0
DA:126,0
DA:127,0
DA:128,0
LF:21
LH:0
BRF:0
BRH:0
end_of_record
TN:
SF:src\components\ui\toaster.tsx
FN:13,Toaster
FN:18,(anonymous_2)
FNF:2
FNH:0
FNDA:0,Toaster
FNDA:0,(anonymous_2)
DA:10,0
DA:11,0
DA:13,0
DA:14,0
DA:19,0
LF:5
LH:0
BRDA:22,0,0,0
BRDA:23,1,0,0
BRF:2
BRH:0
end_of_record
TN:
SF:src\hooks\use-toast.ts
FN:25,genId
FN:56,(anonymous_8)
FN:61,(anonymous_9)
FN:72,(anonymous_10)
FN:83,(anonymous_11)
FN:94,(anonymous_12)
FN:101,(anonymous_13)
FN:120,(anonymous_14)
FN:129,dispatch
FN:131,(anonymous_16)
FN:138,toast
FN:141,(anonymous_18)
FN:146,(anonymous_19)
FN:154,(anonymous_20)
FN:167,useToast
FN:170,(anonymous_22)
FN:172,(anonymous_23)
FN:183,(anonymous_24)
FNF:18
FNH:0
FNDA:0,genId
FNDA:0,(anonymous_8)
FNDA:0,(anonymous_9)
FNDA:0,(anonymous_10)
FNDA:0,(anonymous_11)
FNDA:0,(anonymous_12)
FNDA:0,(anonymous_13)
FNDA:0,(anonymous_14)
FNDA:0,dispatch
FNDA:0,(anonymous_16)
FNDA:0,toast
FNDA:0,(anonymous_18)
FNDA:0,(anonymous_19)
FNDA:0,(anonymous_20)
FNDA:0,useToast
FNDA:0,(anonymous_22)
FNDA:0,(anonymous_23)
FNDA:0,(anonymous_24)
DA:3,0
DA:6,0
DA:7,0
DA:16,0
DA:23,0
DA:26,0
DA:27,0
DA:54,0
DA:56,0
DA:57,0
DA:58,0
DA:61,0
DA:62,0
DA:63,0
DA:69,0
DA:72,0
DA:73,0
DA:75,0
DA:81,0
DA:84,0
DA:89,0
DA:91,0
DA:92,0
DA:94,0
DA:95,0
DA:99,0
DA:102,0
DA:112,0
DA:113,0
DA:118,0
DA:120,0
DA:125,0
DA:127,0
DA:130,0
DA:131,0
DA:132,0
DA:139,0
DA:141,0
DA:142,0
DA:146,0
DA:148,0
DA:155,0
DA:160,0
DA:168,0
DA:170,0
DA:171,0
DA:172,0
DA:173,0
DA:174,0
DA:175,0
DA:180,0
DA:183,0
DA:187,0
LF:53
LH:0
BRDA:57,0,0,0
BRDA:73,1,0,0
BRDA:73,1,1,0
BRDA:73,1,2,0
BRDA:73,1,3,0
BRDA:84,2,0,0
BRDA:84,2,1,0
BRDA:91,3,0,0
BRDA:91,3,1,0
BRDA:102,4,0,0
BRDA:102,4,1,0
BRDA:102,5,0,0
BRDA:102,5,1,0
BRDA:112,6,0,0
BRDA:155,7,0,0
BRDA:174,8,0,0
BRF:16
BRH:0
end_of_record
TN:
SF:src\lib\api.ts
FN:17,(anonymous_1)
FN:33,(anonymous_2)
FN:43,(anonymous_3)
FN:69,(anonymous_4)
FN:81,(anonymous_5)
FN:88,(anonymous_6)
FN:100,(anonymous_7)
FN:113,(anonymous_8)
FN:134,(anonymous_9)
FN:136,(anonymous_10)
FN:155,(anonymous_11)
FN:175,(anonymous_12)
FN:188,(anonymous_13)
FN:195,(anonymous_14)
FN:208,(anonymous_15)
FN:219,(anonymous_16)
FN:228,(anonymous_17)
FNF:17
FNH:8
FNDA:14,(anonymous_1)
FNDA:9,(anonymous_2)
FNDA:7,(anonymous_3)
FNDA:0,(anonymous_4)
FNDA:1,(anonymous_5)
FNDA:3,(anonymous_6)
FNDA:0,(anonymous_7)
FNDA:1,(anonymous_8)
FNDA:0,(anonymous_9)
FNDA:0,(anonymous_10)
FNDA:0,(anonymous_11)
FNDA:1,(anonymous_12)
FNDA:0,(anonymous_13)
FNDA:0,(anonymous_14)
FNDA:1,(anonymous_15)
FNDA:0,(anonymous_16)
FNDA:0,(anonymous_17)
DA:5,1
DA:6,1
DA:7,1
DA:15,1
DA:18,14
DA:19,0
DA:21,14
DA:24,14
DA:26,14
DA:27,4
DA:29,10
DA:34,9
DA:35,0
DA:37,9
DA:38,6
DA:40,9
DA:47,7
DA:48,7
DA:50,7
DA:54,7
DA:55,2
DA:58,7
DA:59,6
DA:62,7
DA:63,7
DA:68,6
DA:69,1
DA:70,1
DA:73,5
DA:74,5
DA:76,1
DA:82,1
DA:89,3
DA:101,0
DA:114,1
DA:115,1
DA:117,1
DA:135,0
DA:136,0
DA:138,0
DA:156,0
DA:176,1
DA:189,0
DA:196,0
DA:209,1
DA:220,0
DA:221,0
DA:222,0
DA:224,0
DA:229,0
DA:233,0
DA:234,0
DA:236,0
DA:240,23
LF:54
LH:37
BRDA:5,0,0,1
BRDA:5,0,1,1
BRDA:18,1,0,0
BRDA:18,1,1,14
BRDA:19,2,0,0
BRDA:19,2,1,0
BRDA:19,3,0,0
BRDA:19,3,1,0
BRDA:24,4,0,0
BRDA:26,5,0,4
BRDA:26,5,1,10
BRDA:34,6,0,0
BRDA:37,7,0,6
BRDA:37,8,0,9
BRDA:37,8,1,6
BRDA:45,9,0,2
BRDA:54,10,0,2
BRDA:58,11,0,6
BRDA:68,12,0,1
BRDA:70,13,0,1
BRDA:70,13,1,0
BRDA:113,14,0,0
BRDA:134,15,0,0
BRDA:155,16,0,0
BRDA:155,17,0,0
BRDA:221,18,0,0
BRDA:233,19,0,0
BRF:27
BRH:13
end_of_record
TN:
SF:src\lib\image-quality.ts
FN:29,loadImageData
FN:39,(anonymous_5)
FN:40,(anonymous_6)
FN:61,toGrayscale
FN:76,laplacianVariance
FN:109,detectGlare
FN:128,edgeDensity
FN:176,assessImageQuality
FN:209,autoCropDocument
FN:226,(anonymous_13)
FN:227,(anonymous_14)
FNF:11
FNH:0
FNDA:0,loadImageData
FNDA:0,(anonymous_5)
FNDA:0,(anonymous_6)
FNDA:0,toGrayscale
FNDA:0,laplacianVariance
FNDA:0,detectGlare
FNDA:0,edgeDensity
FNDA:0,assessImageQuality
FNDA:0,autoCropDocument
FNDA:0,(anonymous_13)
FNDA:0,(anonymous_14)
DA:29,0
DA:33,0
DA:35,0
DA:39,0
DA:40,0
DA:41,0
DA:42,0
DA:45,0
DA:47,0
DA:48,0
DA:49,0
DA:51,0
DA:52,0
DA:53,0
DA:54,0
DA:55,0
DA:57,0
DA:62,0
DA:63,0
DA:64,0
DA:65,0
DA:66,0
DA:67,0
DA:69,0
DA:82,0
DA:83,0
DA:84,0
DA:86,0
DA:87,0
DA:88,0
DA:90,0
DA:95,0
DA:96,0
DA:97,0
DA:101,0
DA:102,0
DA:110,0
DA:111,0
DA:113,0
DA:114,0
DA:115,0
DA:116,0
DA:117,0
DA:121,0
DA:134,0
DA:135,0
DA:137,0
DA:138,0
DA:139,0
DA:142,0
DA:149,0
DA:156,0
DA:157,0
DA:158,0
DA:162,0
DA:169,0
DA:170,0
DA:176,0
DA:179,0
DA:180,0
DA:181,0
DA:182,0
DA:184,0
DA:186,0
DA:187,0
DA:188,0
DA:190,0
DA:191,0
DA:192,0
DA:193,0
DA:195,0
DA:209,0
DA:213,0
DA:216,0
DA:217,0
DA:218,0
DA:220,0
DA:221,0
DA:222,0
DA:223,0
DA:224,0
DA:226,0
DA:227,0
LF:83
LH:0
BRDA:31,0,0,0
BRDA:35,1,0,0
BRDA:35,1,1,0
BRDA:45,2,0,0
BRDA:109,3,0,0
BRDA:117,4,0,0
BRDA:117,5,0,0
BRDA:117,5,1,0
BRDA:117,5,2,0
BRDA:132,6,0,0
BRDA:157,7,0,0
BRDA:191,8,0,0
BRDA:192,9,0,0
BRDA:193,10,0,0
BRDA:211,11,0,0
BRF:15
BRH:0
end_of_record
TN:
SF:src\lib\store.ts
FN:72,(anonymous_3)
FN:79,(anonymous_4)
FN:101,(anonymous_5)
FN:117,(anonymous_6)
FN:126,(anonymous_7)
FN:153,(anonymous_8)
FN:158,(anonymous_9)
FN:163,(anonymous_10)
FN:164,(anonymous_11)
FN:165,(anonymous_12)
FN:165,(anonymous_13)
FN:168,(anonymous_14)
FN:170,(anonymous_15)
FN:183,(anonymous_16)
FN:193,(anonymous_17)
FN:203,(anonymous_18)
FNF:16
FNH:0
FNDA:0,(anonymous_3)
FNDA:0,(anonymous_4)
FNDA:0,(anonymous_5)
FNDA:0,(anonymous_6)
FNDA:0,(anonymous_7)
FNDA:0,(anonymous_8)
FNDA:0,(anonymous_9)
FNDA:0,(anonymous_10)
FNDA:0,(anonymous_11)
FNDA:0,(anonymous_12)
FNDA:0,(anonymous_13)
FNDA:0,(anonymous_14)
FNDA:0,(anonymous_15)
FNDA:0,(anonymous_16)
FNDA:0,(anonymous_17)
FNDA:0,(anonymous_18)
DA:5,0
DA:6,0
DA:7,0
DA:9,0
DA:10,0
DA:12,0
DA:70,0
DA:72,0
DA:80,0
DA:81,0
DA:82,0
DA:84,0
DA:85,0
DA:87,0
DA:88,0
DA:89,0
DA:92,0
DA:93,0
DA:94,0
DA:97,0
DA:98,0
DA:102,0
DA:103,0
DA:105,0
DA:106,0
DA:108,0
DA:109,0
DA:110,0
DA:113,0
DA:114,0
DA:118,0
DA:119,0
DA:120,0
DA:122,0
DA:123,0
DA:127,0
DA:128,0
DA:129,0
DA:131,0
DA:132,0
DA:134,0
DA:135,0
DA:137,0
DA:138,0
DA:143,0
DA:153,0
DA:158,0
DA:163,0
DA:164,0
DA:165,0
DA:168,0
DA:171,0
DA:172,0
DA:174,0
DA:175,0
DA:176,0
DA:179,0
DA:180,0
DA:184,0
DA:186,0
DA:187,0
DA:190,0
DA:194,0
DA:195,0
DA:197,0
DA:198,0
DA:199,0
DA:202,0
DA:203,0
DA:208,0
LF:70
LH:0
BRDA:73,0,0,0
BRDA:73,0,1,0
BRDA:74,1,0,0
BRDA:74,1,1,0
BRDA:80,2,0,0
BRDA:87,3,0,0
BRDA:102,4,0,0
BRDA:108,5,0,0
BRDA:118,6,0,0
BRDA:127,7,0,0
BRDA:132,8,0,0
BRDA:137,9,0,0
BRDA:137,9,1,0
BRDA:174,10,0,0
BRDA:179,11,0,0
BRDA:179,11,1,0
BRDA:186,12,0,0
BRDA:197,13,0,0
BRF:18
BRH:0
end_of_record
TN:
SF:src\lib\utils.ts
FN:4,cn
FN:8,formatDate
FN:18,getRiskColor
FN:33,getClassColor
FN:48,formatPercentage
FN:52,formatMs
FNF:6
FNH:4
FNDA:3,cn
FNDA:1,formatDate
FNDA:7,getRiskColor
FNDA:3,getClassColor
FNDA:0,formatPercentage
FNDA:0,formatMs
DA:1,1
DA:2,1
DA:4,3
DA:5,3
DA:8,1
DA:9,1
DA:18,7
DA:19,7
DA:21,2
DA:23,1
DA:25,1
DA:27,2
DA:29,1
DA:33,3
DA:34,3
DA:36,1
DA:38,1
DA:40,1
DA:42,0
DA:44,0
DA:48,0
DA:49,0
DA:52,0
DA:53,0
LF:24
LH:18
BRDA:19,0,0,2
BRDA:19,0,1,1
BRDA:19,0,2,1
BRDA:19,0,3,2
BRDA:19,0,4,1
BRDA:34,1,0,1
BRDA:34,1,1,1
BRDA:34,1,2,1
BRDA:34,1,3,0
BRDA:34,1,4,0
BRF:10
BRH:8
end_of_record
